[0.838s] Invoking command in '/home/factslabegmc/final_blimp_ws/build/mocap_msgs': CMAKE_PREFIX_PATH=${CMAKE_PREFIX_PATH}:/home/factslabegmc/final_blimp_ws/install/blimp_node_2:/home/factslabegmc/final_blimp_ws/install/blimp_mpc_ros:/opt/ros/galactic CONDA_PROMPT_MODIFIER=(jax_env) /usr/bin/cmake --build /home/factslabegmc/final_blimp_ws/build/mocap_msgs -- -j20 -l20
[0.878s] [  1%] Built target mocap_msgs__cpp
[0.879s] [ 12%] Built target mocap_msgs__rosidl_generator_c
[0.895s] [ 33%] Built target mocap_msgs__rosidl_typesupport_cpp
[0.895s] [ 34%] Built target mocap_msgs__rosidl_typesupport_introspection_cpp
[0.899s] [ 46%] Built target mocap_msgs__rosidl_typesupport_introspection_c
[0.901s] [ 57%] Built target mocap_msgs__rosidl_typesupport_c
[0.902s] [ 68%] Built target mocap_msgs__rosidl_typesupport_fastrtps_cpp
[0.924s] [ 79%] Built target mocap_msgs__rosidl_typesupport_fastrtps_c
[0.941s] [ 79%] Built target mocap_msgs
[0.957s] [ 80%] Built target mocap_msgs__py
[0.980s] [ 90%] Built target mocap_msgs__python
[1.001s] [100%] Built target mocap_msgs__rosidl_typesupport_c__pyext
[1.002s] [100%] Built target mocap_msgs__rosidl_typesupport_fastrtps_c__pyext
[1.002s] [100%] Built target mocap_msgs__rosidl_typesupport_introspection_c__pyext
[1.012s] Invoked command in '/home/factslabegmc/final_blimp_ws/build/mocap_msgs' returned '0': CMAKE_PREFIX_PATH=${CMAKE_PREFIX_PATH}:/home/factslabegmc/final_blimp_ws/install/blimp_node_2:/home/factslabegmc/final_blimp_ws/install/blimp_mpc_ros:/opt/ros/galactic CONDA_PROMPT_MODIFIER=(jax_env) /usr/bin/cmake --build /home/factslabegmc/final_blimp_ws/build/mocap_msgs -- -j20 -l20
[1.102s] Invoking command in '/home/factslabegmc/final_blimp_ws/build/mocap_msgs': CMAKE_PREFIX_PATH=${CMAKE_PREFIX_PATH}:/home/factslabegmc/final_blimp_ws/install/blimp_node_2:/home/factslabegmc/final_blimp_ws/install/blimp_mpc_ros:/opt/ros/galactic CONDA_PROMPT_MODIFIER=(jax_env) /usr/bin/cmake --install /home/factslabegmc/final_blimp_ws/build/mocap_msgs
[1.110s] -- Install configuration: ""
[1.110s] -- Execute custom install script
[1.110s] -- Up-to-date symlink: /home/factslabegmc/final_blimp_ws/install/mocap_msgs/share/ament_index/resource_index/rosidl_interfaces/mocap_msgs
[1.111s] -- Up-to-date symlink: /home/factslabegmc/final_blimp_ws/install/mocap_msgs/include/mocap_msgs/msg/detail/imus_info__functions.h
[1.111s] -- Up-to-date symlink: /home/factslabegmc/final_blimp_ws/install/mocap_msgs/include/mocap_msgs/msg/detail/imus_info__struct.h
[1.111s] -- Up-to-date symlink: /home/factslabegmc/final_blimp_ws/install/mocap_msgs/include/mocap_msgs/msg/detail/imus_info__type_support.h
[1.111s] -- Up-to-date symlink: /home/factslabegmc/final_blimp_ws/install/mocap_msgs/include/mocap_msgs/msg/detail/marker__functions.h
[1.111s] -- Up-to-date symlink: /home/factslabegmc/final_blimp_ws/install/mocap_msgs/include/mocap_msgs/msg/detail/marker__struct.h
[1.111s] -- Up-to-date symlink: /home/factslabegmc/final_blimp_ws/install/mocap_msgs/include/mocap_msgs/msg/detail/marker__type_support.h
[1.111s] -- Up-to-date symlink: /home/factslabegmc/final_blimp_ws/install/mocap_msgs/include/mocap_msgs/msg/detail/markers__functions.h
[1.111s] -- Up-to-date symlink: /home/factslabegmc/final_blimp_ws/install/mocap_msgs/include/mocap_msgs/msg/detail/markers__struct.h
[1.111s] -- Up-to-date symlink: /home/factslabegmc/final_blimp_ws/install/mocap_msgs/include/mocap_msgs/msg/detail/markers__type_support.h
[1.112s] -- Up-to-date symlink: /home/factslabegmc/final_blimp_ws/install/mocap_msgs/include/mocap_msgs/msg/detail/rigid_bodies__functions.h
[1.112s] -- Up-to-date symlink: /home/factslabegmc/final_blimp_ws/install/mocap_msgs/include/mocap_msgs/msg/detail/rigid_bodies__struct.h
[1.112s] -- Up-to-date symlink: /home/factslabegmc/final_blimp_ws/install/mocap_msgs/include/mocap_msgs/msg/detail/rigid_bodies__type_support.h
[1.112s] -- Up-to-date symlink: /home/factslabegmc/final_blimp_ws/install/mocap_msgs/include/mocap_msgs/msg/detail/rigid_body__functions.h
[1.112s] -- Up-to-date symlink: /home/factslabegmc/final_blimp_ws/install/mocap_msgs/include/mocap_msgs/msg/detail/rigid_body__struct.h
[1.112s] -- Up-to-date symlink: /home/factslabegmc/final_blimp_ws/install/mocap_msgs/include/mocap_msgs/msg/detail/rigid_body__type_support.h
[1.112s] -- Up-to-date symlink: /home/factslabegmc/final_blimp_ws/install/mocap_msgs/include/mocap_msgs/msg/imus_info.h
[1.112s] -- Up-to-date symlink: /home/factslabegmc/final_blimp_ws/install/mocap_msgs/include/mocap_msgs/msg/marker.h
[1.112s] -- Up-to-date symlink: /home/factslabegmc/final_blimp_ws/install/mocap_msgs/include/mocap_msgs/msg/markers.h
[1.112s] -- Up-to-date symlink: /home/factslabegmc/final_blimp_ws/install/mocap_msgs/include/mocap_msgs/msg/rigid_bodies.h
[1.112s] -- Up-to-date symlink: /home/factslabegmc/final_blimp_ws/install/mocap_msgs/include/mocap_msgs/msg/rigid_body.h
[1.112s] -- Up-to-date symlink: /home/factslabegmc/final_blimp_ws/install/mocap_msgs/include/mocap_msgs/msg/rosidl_generator_c__visibility_control.h
[1.113s] -- Up-to-date symlink: /home/factslabegmc/final_blimp_ws/install/mocap_msgs/share/mocap_msgs/environment/library_path.sh
[1.113s] -- Up-to-date symlink: /home/factslabegmc/final_blimp_ws/install/mocap_msgs/share/mocap_msgs/environment/library_path.dsv
[1.113s] -- Up-to-date symlink: /home/factslabegmc/final_blimp_ws/install/mocap_msgs/include/mocap_msgs/msg/detail/imus_info__rosidl_typesupport_fastrtps_c.h
[1.113s] -- Up-to-date symlink: /home/factslabegmc/final_blimp_ws/install/mocap_msgs/include/mocap_msgs/msg/detail/marker__rosidl_typesupport_fastrtps_c.h
[1.113s] -- Up-to-date symlink: /home/factslabegmc/final_blimp_ws/install/mocap_msgs/include/mocap_msgs/msg/detail/markers__rosidl_typesupport_fastrtps_c.h
[1.113s] -- Up-to-date symlink: /home/factslabegmc/final_blimp_ws/install/mocap_msgs/include/mocap_msgs/msg/detail/rigid_bodies__rosidl_typesupport_fastrtps_c.h
[1.113s] -- Up-to-date symlink: /home/factslabegmc/final_blimp_ws/install/mocap_msgs/include/mocap_msgs/msg/detail/rigid_body__rosidl_typesupport_fastrtps_c.h
[1.113s] -- Up-to-date symlink: /home/factslabegmc/final_blimp_ws/install/mocap_msgs/include/mocap_msgs/msg/rosidl_typesupport_fastrtps_c__visibility_control.h
[1.113s] -- Up-to-date symlink: /home/factslabegmc/final_blimp_ws/install/mocap_msgs/lib/libmocap_msgs__rosidl_typesupport_fastrtps_c.so
[1.114s] -- Up-to-date symlink: /home/factslabegmc/final_blimp_ws/install/mocap_msgs/include/mocap_msgs/msg/detail/imus_info__rosidl_typesupport_fastrtps_cpp.hpp
[1.114s] -- Up-to-date symlink: /home/factslabegmc/final_blimp_ws/install/mocap_msgs/include/mocap_msgs/msg/detail/marker__rosidl_typesupport_fastrtps_cpp.hpp
[1.114s] -- Up-to-date symlink: /home/factslabegmc/final_blimp_ws/install/mocap_msgs/include/mocap_msgs/msg/detail/markers__rosidl_typesupport_fastrtps_cpp.hpp
[1.114s] -- Up-to-date symlink: /home/factslabegmc/final_blimp_ws/install/mocap_msgs/include/mocap_msgs/msg/detail/rigid_bodies__rosidl_typesupport_fastrtps_cpp.hpp
[1.114s] -- Up-to-date symlink: /home/factslabegmc/final_blimp_ws/install/mocap_msgs/include/mocap_msgs/msg/detail/rigid_body__rosidl_typesupport_fastrtps_cpp.hpp
[1.114s] -- Up-to-date symlink: /home/factslabegmc/final_blimp_ws/install/mocap_msgs/include/mocap_msgs/msg/rosidl_typesupport_fastrtps_cpp__visibility_control.h
[1.114s] -- Up-to-date symlink: /home/factslabegmc/final_blimp_ws/install/mocap_msgs/lib/libmocap_msgs__rosidl_typesupport_fastrtps_cpp.so
[1.114s] -- Up-to-date symlink: /home/factslabegmc/final_blimp_ws/install/mocap_msgs/include/mocap_msgs/msg/detail/imus_info__rosidl_typesupport_introspection_c.h
[1.115s] -- Up-to-date symlink: /home/factslabegmc/final_blimp_ws/install/mocap_msgs/include/mocap_msgs/msg/detail/marker__rosidl_typesupport_introspection_c.h
[1.115s] -- Up-to-date symlink: /home/factslabegmc/final_blimp_ws/install/mocap_msgs/include/mocap_msgs/msg/detail/markers__rosidl_typesupport_introspection_c.h
[1.115s] -- Up-to-date symlink: /home/factslabegmc/final_blimp_ws/install/mocap_msgs/include/mocap_msgs/msg/detail/rigid_bodies__rosidl_typesupport_introspection_c.h
[1.115s] -- Up-to-date symlink: /home/factslabegmc/final_blimp_ws/install/mocap_msgs/include/mocap_msgs/msg/detail/rigid_body__rosidl_typesupport_introspection_c.h
[1.115s] -- Up-to-date symlink: /home/factslabegmc/final_blimp_ws/install/mocap_msgs/include/mocap_msgs/msg/rosidl_typesupport_introspection_c__visibility_control.h
[1.115s] -- Up-to-date symlink: /home/factslabegmc/final_blimp_ws/install/mocap_msgs/include/mocap_msgs/msg/detail/imus_info__builder.hpp
[1.115s] -- Up-to-date symlink: /home/factslabegmc/final_blimp_ws/install/mocap_msgs/include/mocap_msgs/msg/detail/imus_info__struct.hpp
[1.115s] -- Up-to-date symlink: /home/factslabegmc/final_blimp_ws/install/mocap_msgs/include/mocap_msgs/msg/detail/imus_info__traits.hpp
[1.115s] -- Up-to-date symlink: /home/factslabegmc/final_blimp_ws/install/mocap_msgs/include/mocap_msgs/msg/detail/marker__builder.hpp
[1.115s] -- Up-to-date symlink: /home/factslabegmc/final_blimp_ws/install/mocap_msgs/include/mocap_msgs/msg/detail/marker__struct.hpp
[1.116s] -- Up-to-date symlink: /home/factslabegmc/final_blimp_ws/install/mocap_msgs/include/mocap_msgs/msg/detail/marker__traits.hpp
[1.116s] -- Up-to-date symlink: /home/factslabegmc/final_blimp_ws/install/mocap_msgs/include/mocap_msgs/msg/detail/markers__builder.hpp
[1.116s] -- Up-to-date symlink: /home/factslabegmc/final_blimp_ws/install/mocap_msgs/include/mocap_msgs/msg/detail/markers__struct.hpp
[1.116s] -- Up-to-date symlink: /home/factslabegmc/final_blimp_ws/install/mocap_msgs/include/mocap_msgs/msg/detail/markers__traits.hpp
[1.116s] -- Up-to-date symlink: /home/factslabegmc/final_blimp_ws/install/mocap_msgs/include/mocap_msgs/msg/detail/rigid_bodies__builder.hpp
[1.116s] -- Up-to-date symlink: /home/factslabegmc/final_blimp_ws/install/mocap_msgs/include/mocap_msgs/msg/detail/rigid_bodies__struct.hpp
[1.116s] -- Up-to-date symlink: /home/factslabegmc/final_blimp_ws/install/mocap_msgs/include/mocap_msgs/msg/detail/rigid_bodies__traits.hpp
[1.116s] -- Up-to-date symlink: /home/factslabegmc/final_blimp_ws/install/mocap_msgs/include/mocap_msgs/msg/detail/rigid_body__builder.hpp
[1.116s] -- Up-to-date symlink: /home/factslabegmc/final_blimp_ws/install/mocap_msgs/include/mocap_msgs/msg/detail/rigid_body__struct.hpp
[1.116s] -- Up-to-date symlink: /home/factslabegmc/final_blimp_ws/install/mocap_msgs/include/mocap_msgs/msg/detail/rigid_body__traits.hpp
[1.116s] -- Up-to-date symlink: /home/factslabegmc/final_blimp_ws/install/mocap_msgs/include/mocap_msgs/msg/imus_info.hpp
[1.116s] -- Up-to-date symlink: /home/factslabegmc/final_blimp_ws/install/mocap_msgs/include/mocap_msgs/msg/marker.hpp
[1.116s] -- Up-to-date symlink: /home/factslabegmc/final_blimp_ws/install/mocap_msgs/include/mocap_msgs/msg/markers.hpp
[1.116s] -- Up-to-date symlink: /home/factslabegmc/final_blimp_ws/install/mocap_msgs/include/mocap_msgs/msg/rigid_bodies.hpp
[1.117s] -- Up-to-date symlink: /home/factslabegmc/final_blimp_ws/install/mocap_msgs/include/mocap_msgs/msg/rigid_body.hpp
[1.117s] -- Up-to-date symlink: /home/factslabegmc/final_blimp_ws/install/mocap_msgs/include/mocap_msgs/msg/detail/imus_info__rosidl_typesupport_introspection_cpp.hpp
[1.117s] -- Up-to-date symlink: /home/factslabegmc/final_blimp_ws/install/mocap_msgs/include/mocap_msgs/msg/detail/marker__rosidl_typesupport_introspection_cpp.hpp
[1.117s] -- Up-to-date symlink: /home/factslabegmc/final_blimp_ws/install/mocap_msgs/include/mocap_msgs/msg/detail/markers__rosidl_typesupport_introspection_cpp.hpp
[1.117s] -- Up-to-date symlink: /home/factslabegmc/final_blimp_ws/install/mocap_msgs/include/mocap_msgs/msg/detail/rigid_bodies__rosidl_typesupport_introspection_cpp.hpp
[1.117s] -- Up-to-date symlink: /home/factslabegmc/final_blimp_ws/install/mocap_msgs/include/mocap_msgs/msg/detail/rigid_body__rosidl_typesupport_introspection_cpp.hpp
[1.117s] -- Up-to-date symlink: /home/factslabegmc/final_blimp_ws/install/mocap_msgs/share/mocap_msgs/environment/pythonpath.sh
[1.117s] -- Up-to-date symlink: /home/factslabegmc/final_blimp_ws/install/mocap_msgs/share/mocap_msgs/environment/pythonpath.dsv
[1.118s] -- Up-to-date symlink: /home/factslabegmc/final_blimp_ws/install/mocap_msgs/lib/python3.8/site-packages/mocap_msgs/__init__.py
[1.118s] -- Up-to-date symlink: /home/factslabegmc/final_blimp_ws/install/mocap_msgs/lib/python3.8/site-packages/mocap_msgs/msg/__init__.py
[1.118s] -- Up-to-date symlink: /home/factslabegmc/final_blimp_ws/install/mocap_msgs/lib/python3.8/site-packages/mocap_msgs/msg/_imus_info.py
[1.118s] -- Up-to-date symlink: /home/factslabegmc/final_blimp_ws/install/mocap_msgs/lib/python3.8/site-packages/mocap_msgs/msg/_marker.py
[1.118s] -- Up-to-date symlink: /home/factslabegmc/final_blimp_ws/install/mocap_msgs/lib/python3.8/site-packages/mocap_msgs/msg/_markers.py
[1.118s] -- Up-to-date symlink: /home/factslabegmc/final_blimp_ws/install/mocap_msgs/lib/python3.8/site-packages/mocap_msgs/msg/_rigid_bodies.py
[1.118s] -- Up-to-date symlink: /home/factslabegmc/final_blimp_ws/install/mocap_msgs/lib/python3.8/site-packages/mocap_msgs/msg/_rigid_body.py
[1.119s] -- Up-to-date symlink: /home/factslabegmc/final_blimp_ws/install/mocap_msgs/lib/python3.8/site-packages/mocap_msgs/mocap_msgs_s__rosidl_typesupport_fastrtps_c.cpython-38-x86_64-linux-gnu.so
[1.119s] -- Up-to-date symlink: /home/factslabegmc/final_blimp_ws/install/mocap_msgs/lib/python3.8/site-packages/mocap_msgs/mocap_msgs_s__rosidl_typesupport_introspection_c.cpython-38-x86_64-linux-gnu.so
[1.119s] -- Up-to-date symlink: /home/factslabegmc/final_blimp_ws/install/mocap_msgs/lib/python3.8/site-packages/mocap_msgs/mocap_msgs_s__rosidl_typesupport_c.cpython-38-x86_64-linux-gnu.so
[1.119s] -- Up-to-date symlink: /home/factslabegmc/final_blimp_ws/install/mocap_msgs/lib/libmocap_msgs__python.so
[1.119s] -- Up-to-date symlink: /home/factslabegmc/final_blimp_ws/install/mocap_msgs/share/mocap_msgs/msg/Marker.idl
[1.120s] -- Up-to-date symlink: /home/factslabegmc/final_blimp_ws/install/mocap_msgs/share/mocap_msgs/msg/Markers.idl
[1.120s] -- Up-to-date symlink: /home/factslabegmc/final_blimp_ws/install/mocap_msgs/share/mocap_msgs/msg/ImusInfo.idl
[1.120s] -- Up-to-date symlink: /home/factslabegmc/final_blimp_ws/install/mocap_msgs/share/mocap_msgs/msg/RigidBody.idl
[1.120s] -- Up-to-date symlink: /home/factslabegmc/final_blimp_ws/install/mocap_msgs/share/mocap_msgs/msg/RigidBodies.idl
[1.120s] -- Up-to-date symlink: /home/factslabegmc/final_blimp_ws/install/mocap_msgs/share/mocap_msgs/msg/Marker.msg
[1.120s] -- Up-to-date symlink: /home/factslabegmc/final_blimp_ws/install/mocap_msgs/share/mocap_msgs/msg/Markers.msg
[1.120s] -- Up-to-date symlink: /home/factslabegmc/final_blimp_ws/install/mocap_msgs/share/mocap_msgs/msg/ImusInfo.msg
[1.121s] -- Up-to-date symlink: /home/factslabegmc/final_blimp_ws/install/mocap_msgs/share/mocap_msgs/msg/RigidBody.msg
[1.121s] -- Up-to-date symlink: /home/factslabegmc/final_blimp_ws/install/mocap_msgs/share/mocap_msgs/msg/RigidBodies.msg
[1.121s] -- Up-to-date symlink: /home/factslabegmc/final_blimp_ws/install/mocap_msgs/share/mocap_msgs/mocap_bridge_mapping_rule.yaml
[1.121s] -- Up-to-date symlink: /home/factslabegmc/final_blimp_ws/install/mocap_msgs/share/ament_index/resource_index/package_run_dependencies/mocap_msgs
[1.121s] -- Up-to-date symlink: /home/factslabegmc/final_blimp_ws/install/mocap_msgs/share/ament_index/resource_index/parent_prefix_path/mocap_msgs
[1.121s] -- Up-to-date symlink: /home/factslabegmc/final_blimp_ws/install/mocap_msgs/share/mocap_msgs/environment/ament_prefix_path.sh
[1.122s] -- Up-to-date symlink: /home/factslabegmc/final_blimp_ws/install/mocap_msgs/share/mocap_msgs/environment/ament_prefix_path.dsv
[1.122s] -- Up-to-date symlink: /home/factslabegmc/final_blimp_ws/install/mocap_msgs/share/mocap_msgs/environment/path.sh
[1.122s] -- Up-to-date symlink: /home/factslabegmc/final_blimp_ws/install/mocap_msgs/share/mocap_msgs/environment/path.dsv
[1.122s] -- Up-to-date symlink: /home/factslabegmc/final_blimp_ws/install/mocap_msgs/share/mocap_msgs/local_setup.bash
[1.122s] -- Up-to-date symlink: /home/factslabegmc/final_blimp_ws/install/mocap_msgs/share/mocap_msgs/local_setup.sh
[1.122s] -- Up-to-date symlink: /home/factslabegmc/final_blimp_ws/install/mocap_msgs/share/mocap_msgs/local_setup.zsh
[1.122s] -- Up-to-date symlink: /home/factslabegmc/final_blimp_ws/install/mocap_msgs/share/mocap_msgs/local_setup.dsv
[1.122s] -- Symlinking: /home/factslabegmc/final_blimp_ws/install/mocap_msgs/share/mocap_msgs/package.dsv
[1.130s] -- Up-to-date symlink: /home/factslabegmc/final_blimp_ws/install/mocap_msgs/share/ament_index/resource_index/packages/mocap_msgs
[1.130s] -- Up-to-date symlink: /home/factslabegmc/final_blimp_ws/install/mocap_msgs/share/mocap_msgs/cmake/rosidl_cmake-extras.cmake
[1.130s] -- Up-to-date symlink: /home/factslabegmc/final_blimp_ws/install/mocap_msgs/share/mocap_msgs/cmake/ament_cmake_export_dependencies-extras.cmake
[1.130s] -- Up-to-date symlink: /home/factslabegmc/final_blimp_ws/install/mocap_msgs/share/mocap_msgs/cmake/ament_cmake_export_libraries-extras.cmake
[1.130s] -- Up-to-date symlink: /home/factslabegmc/final_blimp_ws/install/mocap_msgs/share/mocap_msgs/cmake/ament_cmake_export_targets-extras.cmake
[1.130s] -- Up-to-date symlink: /home/factslabegmc/final_blimp_ws/install/mocap_msgs/share/mocap_msgs/cmake/ament_cmake_export_include_directories-extras.cmake
[1.130s] -- Up-to-date symlink: /home/factslabegmc/final_blimp_ws/install/mocap_msgs/share/mocap_msgs/cmake/rosidl_cmake_export_typesupport_libraries-extras.cmake
[1.131s] -- Up-to-date symlink: /home/factslabegmc/final_blimp_ws/install/mocap_msgs/share/mocap_msgs/cmake/rosidl_cmake_export_typesupport_targets-extras.cmake
[1.131s] -- Up-to-date symlink: /home/factslabegmc/final_blimp_ws/install/mocap_msgs/share/mocap_msgs/cmake/mocap_msgsConfig.cmake
[1.131s] -- Up-to-date symlink: /home/factslabegmc/final_blimp_ws/install/mocap_msgs/share/mocap_msgs/cmake/mocap_msgsConfig-version.cmake
[1.131s] -- Up-to-date symlink: /home/factslabegmc/final_blimp_ws/install/mocap_msgs/share/mocap_msgs/package.xml
[1.131s] -- Up-to-date: /home/factslabegmc/final_blimp_ws/install/mocap_msgs/lib/libmocap_msgs__rosidl_generator_c.so
[1.131s] -- Up-to-date: /home/factslabegmc/final_blimp_ws/install/mocap_msgs/lib/libmocap_msgs__rosidl_typesupport_introspection_c.so
[1.132s] -- Up-to-date: /home/factslabegmc/final_blimp_ws/install/mocap_msgs/lib/libmocap_msgs__rosidl_typesupport_c.so
[1.132s] -- Up-to-date: /home/factslabegmc/final_blimp_ws/install/mocap_msgs/lib/libmocap_msgs__rosidl_typesupport_introspection_cpp.so
[1.132s] -- Up-to-date: /home/factslabegmc/final_blimp_ws/install/mocap_msgs/lib/libmocap_msgs__rosidl_typesupport_cpp.so
[1.162s] -- Up-to-date: /home/factslabegmc/final_blimp_ws/install/mocap_msgs/share/mocap_msgs/cmake/mocap_msgs__rosidl_generator_cExport.cmake
[1.162s] -- Up-to-date: /home/factslabegmc/final_blimp_ws/install/mocap_msgs/share/mocap_msgs/cmake/mocap_msgs__rosidl_generator_cExport-noconfig.cmake
[1.162s] -- Up-to-date: /home/factslabegmc/final_blimp_ws/install/mocap_msgs/share/mocap_msgs/cmake/mocap_msgs__rosidl_typesupport_introspection_cExport.cmake
[1.163s] -- Up-to-date: /home/factslabegmc/final_blimp_ws/install/mocap_msgs/share/mocap_msgs/cmake/mocap_msgs__rosidl_typesupport_introspection_cExport-noconfig.cmake
[1.163s] -- Up-to-date: /home/factslabegmc/final_blimp_ws/install/mocap_msgs/share/mocap_msgs/cmake/mocap_msgs__rosidl_typesupport_cExport.cmake
[1.163s] -- Up-to-date: /home/factslabegmc/final_blimp_ws/install/mocap_msgs/share/mocap_msgs/cmake/mocap_msgs__rosidl_typesupport_cExport-noconfig.cmake
[1.163s] -- Up-to-date: /home/factslabegmc/final_blimp_ws/install/mocap_msgs/share/mocap_msgs/cmake/mocap_msgs__rosidl_generator_cppExport.cmake
[1.163s] -- Up-to-date: /home/factslabegmc/final_blimp_ws/install/mocap_msgs/share/mocap_msgs/cmake/mocap_msgs__rosidl_typesupport_introspection_cppExport.cmake
[1.163s] -- Up-to-date: /home/factslabegmc/final_blimp_ws/install/mocap_msgs/share/mocap_msgs/cmake/mocap_msgs__rosidl_typesupport_introspection_cppExport-noconfig.cmake
[1.163s] -- Up-to-date: /home/factslabegmc/final_blimp_ws/install/mocap_msgs/share/mocap_msgs/cmake/mocap_msgs__rosidl_typesupport_cppExport.cmake
[1.163s] -- Up-to-date: /home/factslabegmc/final_blimp_ws/install/mocap_msgs/share/mocap_msgs/cmake/mocap_msgs__rosidl_typesupport_cppExport-noconfig.cmake
[1.166s] Invoked command in '/home/factslabegmc/final_blimp_ws/build/mocap_msgs' returned '0': CMAKE_PREFIX_PATH=${CMAKE_PREFIX_PATH}:/home/factslabegmc/final_blimp_ws/install/blimp_node_2:/home/factslabegmc/final_blimp_ws/install/blimp_mpc_ros:/opt/ros/galactic CONDA_PROMPT_MODIFIER=(jax_env) /usr/bin/cmake --install /home/factslabegmc/final_blimp_ws/build/mocap_msgs
