[1.775s] DEBUG:colcon:Command line arguments: ['/usr/bin/colcon', 'list', '-p', '--base-paths', '/home/factslabegmc/final_blimp_ws']
[1.775s] DEBUG:colcon:Parsed command line arguments: Namespace(allow_overriding=[], base_paths=['/home/factslabegmc/final_blimp_ws'], build_base='build', ignore_user_meta=False, log_base=None, log_level=None, main=<bound method ListVerb.main of <colcon_package_information.verb.list.ListVerb object at 0x7f012e4a4670>>, metas=['./colcon.meta'], names_only=False, packages_above=None, packages_above_and_dependencies=None, packages_above_depth=None, packages_end=None, packages_ignore=None, packages_ignore_regex=None, packages_select=None, packages_select_build_failed=False, packages_select_by_dep=None, packages_select_regex=None, packages_select_test_failures=False, packages_skip=None, packages_skip_build_finished=False, packages_skip_by_dep=None, packages_skip_regex=None, packages_skip_test_passed=False, packages_skip_up_to=None, packages_start=None, packages_up_to=None, packages_up_to_regex=None, paths=None, paths_only=True, topological_graph=False, topological_graph_density=False, topological_graph_dot=False, topological_graph_dot_cluster=False, topological_graph_dot_include_skipped=False, topological_graph_legend=False, topological_order=False, verb_extension=<colcon_package_information.verb.list.ListVerb object at 0x7f012e4a4670>, verb_name='list', verb_parser=<colcon_defaults.argument_parser.defaults.DefaultArgumentsDecorator object at 0x7f012e4a4130>)
[1.853s] Level 1:colcon.colcon_core.package_discovery:discover_packages(colcon_meta) check parameters
[1.853s] Level 1:colcon.colcon_core.package_discovery:discover_packages(recursive) check parameters
[1.853s] Level 1:colcon.colcon_core.package_discovery:discover_packages(ignore) check parameters
[1.853s] Level 1:colcon.colcon_core.package_discovery:discover_packages(path) check parameters
[1.853s] Level 1:colcon.colcon_core.package_discovery:discover_packages(recursive) discover
[1.853s] INFO:colcon.colcon_core.package_discovery:Crawling recursively for packages in '/home/factslabegmc/final_blimp_ws'
[1.853s] Level 1:colcon.colcon_core.package_identification:_identify(/home/factslabegmc/final_blimp_ws) by extensions ['ignore', 'ignore_ament_install']
[1.853s] Level 1:colcon.colcon_core.package_identification:_identify(/home/factslabegmc/final_blimp_ws) by extension 'ignore'
[1.853s] Level 1:colcon.colcon_core.package_identification:_identify(/home/factslabegmc/final_blimp_ws) by extension 'ignore_ament_install'
[1.853s] Level 1:colcon.colcon_core.package_identification:_identify(/home/factslabegmc/final_blimp_ws) by extensions ['colcon_pkg']
[1.853s] Level 1:colcon.colcon_core.package_identification:_identify(/home/factslabegmc/final_blimp_ws) by extension 'colcon_pkg'
[1.853s] Level 1:colcon.colcon_core.package_identification:_identify(/home/factslabegmc/final_blimp_ws) by extensions ['colcon_meta']
[1.853s] Level 1:colcon.colcon_core.package_identification:_identify(/home/factslabegmc/final_blimp_ws) by extension 'colcon_meta'
[1.853s] Level 1:colcon.colcon_core.package_identification:_identify(/home/factslabegmc/final_blimp_ws) by extensions ['ros']
[1.853s] Level 1:colcon.colcon_core.package_identification:_identify(/home/factslabegmc/final_blimp_ws) by extension 'ros'
[1.866s] Level 1:colcon.colcon_core.package_identification:_identify(/home/factslabegmc/final_blimp_ws) by extensions ['cmake', 'python']
[1.866s] Level 1:colcon.colcon_core.package_identification:_identify(/home/factslabegmc/final_blimp_ws) by extension 'cmake'
[1.866s] Level 1:colcon.colcon_core.package_identification:_identify(/home/factslabegmc/final_blimp_ws) by extension 'python'
[1.866s] Level 1:colcon.colcon_core.package_identification:_identify(/home/factslabegmc/final_blimp_ws) by extensions ['python_setup_py']
[1.866s] Level 1:colcon.colcon_core.package_identification:_identify(/home/factslabegmc/final_blimp_ws) by extension 'python_setup_py'
[1.866s] Level 1:colcon.colcon_core.package_identification:_identify(/home/factslabegmc/final_blimp_ws/build) by extensions ['ignore', 'ignore_ament_install']
[1.866s] Level 1:colcon.colcon_core.package_identification:_identify(/home/factslabegmc/final_blimp_ws/build) by extension 'ignore'
[1.866s] Level 1:colcon.colcon_core.package_identification:_identify(/home/factslabegmc/final_blimp_ws/build) ignored
[1.866s] Level 1:colcon.colcon_core.package_identification:_identify(/home/factslabegmc/final_blimp_ws/install) by extensions ['ignore', 'ignore_ament_install']
[1.866s] Level 1:colcon.colcon_core.package_identification:_identify(/home/factslabegmc/final_blimp_ws/install) by extension 'ignore'
[1.866s] Level 1:colcon.colcon_core.package_identification:_identify(/home/factslabegmc/final_blimp_ws/install) ignored
[1.866s] Level 1:colcon.colcon_core.package_identification:_identify(/home/factslabegmc/final_blimp_ws/log) by extensions ['ignore', 'ignore_ament_install']
[1.866s] Level 1:colcon.colcon_core.package_identification:_identify(/home/factslabegmc/final_blimp_ws/log) by extension 'ignore'
[1.866s] Level 1:colcon.colcon_core.package_identification:_identify(/home/factslabegmc/final_blimp_ws/log) ignored
[1.866s] Level 1:colcon.colcon_core.package_identification:_identify(/home/factslabegmc/final_blimp_ws/logs) by extensions ['ignore', 'ignore_ament_install']
[1.867s] Level 1:colcon.colcon_core.package_identification:_identify(/home/factslabegmc/final_blimp_ws/logs) by extension 'ignore'
[1.867s] Level 1:colcon.colcon_core.package_identification:_identify(/home/factslabegmc/final_blimp_ws/logs) by extension 'ignore_ament_install'
[1.867s] Level 1:colcon.colcon_core.package_identification:_identify(/home/factslabegmc/final_blimp_ws/logs) by extensions ['colcon_pkg']
[1.867s] Level 1:colcon.colcon_core.package_identification:_identify(/home/factslabegmc/final_blimp_ws/logs) by extension 'colcon_pkg'
[1.867s] Level 1:colcon.colcon_core.package_identification:_identify(/home/factslabegmc/final_blimp_ws/logs) by extensions ['colcon_meta']
[1.867s] Level 1:colcon.colcon_core.package_identification:_identify(/home/factslabegmc/final_blimp_ws/logs) by extension 'colcon_meta'
[1.867s] Level 1:colcon.colcon_core.package_identification:_identify(/home/factslabegmc/final_blimp_ws/logs) by extensions ['ros']
[1.867s] Level 1:colcon.colcon_core.package_identification:_identify(/home/factslabegmc/final_blimp_ws/logs) by extension 'ros'
[1.867s] Level 1:colcon.colcon_core.package_identification:_identify(/home/factslabegmc/final_blimp_ws/logs) by extensions ['cmake', 'python']
[1.867s] Level 1:colcon.colcon_core.package_identification:_identify(/home/factslabegmc/final_blimp_ws/logs) by extension 'cmake'
[1.867s] Level 1:colcon.colcon_core.package_identification:_identify(/home/factslabegmc/final_blimp_ws/logs) by extension 'python'
[1.867s] Level 1:colcon.colcon_core.package_identification:_identify(/home/factslabegmc/final_blimp_ws/logs) by extensions ['python_setup_py']
[1.867s] Level 1:colcon.colcon_core.package_identification:_identify(/home/factslabegmc/final_blimp_ws/logs) by extension 'python_setup_py'
[1.867s] Level 1:colcon.colcon_core.package_identification:_identify(/home/factslabegmc/final_blimp_ws/src) by extensions ['ignore', 'ignore_ament_install']
[1.867s] Level 1:colcon.colcon_core.package_identification:_identify(/home/factslabegmc/final_blimp_ws/src) by extension 'ignore'
[1.867s] Level 1:colcon.colcon_core.package_identification:_identify(/home/factslabegmc/final_blimp_ws/src) by extension 'ignore_ament_install'
[1.867s] Level 1:colcon.colcon_core.package_identification:_identify(/home/factslabegmc/final_blimp_ws/src) by extensions ['colcon_pkg']
[1.867s] Level 1:colcon.colcon_core.package_identification:_identify(/home/factslabegmc/final_blimp_ws/src) by extension 'colcon_pkg'
[1.867s] Level 1:colcon.colcon_core.package_identification:_identify(/home/factslabegmc/final_blimp_ws/src) by extensions ['colcon_meta']
[1.867s] Level 1:colcon.colcon_core.package_identification:_identify(/home/factslabegmc/final_blimp_ws/src) by extension 'colcon_meta'
[1.867s] Level 1:colcon.colcon_core.package_identification:_identify(/home/factslabegmc/final_blimp_ws/src) by extensions ['ros']
[1.867s] Level 1:colcon.colcon_core.package_identification:_identify(/home/factslabegmc/final_blimp_ws/src) by extension 'ros'
[1.867s] Level 1:colcon.colcon_core.package_identification:_identify(/home/factslabegmc/final_blimp_ws/src) by extensions ['cmake', 'python']
[1.867s] Level 1:colcon.colcon_core.package_identification:_identify(/home/factslabegmc/final_blimp_ws/src) by extension 'cmake'
[1.867s] Level 1:colcon.colcon_core.package_identification:_identify(/home/factslabegmc/final_blimp_ws/src) by extension 'python'
[1.867s] Level 1:colcon.colcon_core.package_identification:_identify(/home/factslabegmc/final_blimp_ws/src) by extensions ['python_setup_py']
[1.867s] Level 1:colcon.colcon_core.package_identification:_identify(/home/factslabegmc/final_blimp_ws/src) by extension 'python_setup_py'
[1.867s] Level 1:colcon.colcon_core.package_identification:_identify(/home/factslabegmc/final_blimp_ws/src/blimp_mpc_ros) by extensions ['ignore', 'ignore_ament_install']
[1.867s] Level 1:colcon.colcon_core.package_identification:_identify(/home/factslabegmc/final_blimp_ws/src/blimp_mpc_ros) by extension 'ignore'
[1.867s] Level 1:colcon.colcon_core.package_identification:_identify(/home/factslabegmc/final_blimp_ws/src/blimp_mpc_ros) by extension 'ignore_ament_install'
[1.867s] Level 1:colcon.colcon_core.package_identification:_identify(/home/factslabegmc/final_blimp_ws/src/blimp_mpc_ros) by extensions ['colcon_pkg']
[1.867s] Level 1:colcon.colcon_core.package_identification:_identify(/home/factslabegmc/final_blimp_ws/src/blimp_mpc_ros) by extension 'colcon_pkg'
[1.867s] Level 1:colcon.colcon_core.package_identification:_identify(/home/factslabegmc/final_blimp_ws/src/blimp_mpc_ros) by extensions ['colcon_meta']
[1.867s] Level 1:colcon.colcon_core.package_identification:_identify(/home/factslabegmc/final_blimp_ws/src/blimp_mpc_ros) by extension 'colcon_meta'
[1.867s] Level 1:colcon.colcon_core.package_identification:_identify(/home/factslabegmc/final_blimp_ws/src/blimp_mpc_ros) by extensions ['ros']
[1.867s] Level 1:colcon.colcon_core.package_identification:_identify(/home/factslabegmc/final_blimp_ws/src/blimp_mpc_ros) by extension 'ros'
[1.869s] DEBUG:colcon.colcon_core.package_identification:Package '/home/factslabegmc/final_blimp_ws/src/blimp_mpc_ros' with type 'ros.ament_python' and name 'blimp_mpc_ros'
[1.869s] Level 1:colcon.colcon_core.package_identification:_identify(/home/factslabegmc/final_blimp_ws/src/blimp_node_2) by extensions ['ignore', 'ignore_ament_install']
[1.869s] Level 1:colcon.colcon_core.package_identification:_identify(/home/factslabegmc/final_blimp_ws/src/blimp_node_2) by extension 'ignore'
[1.869s] Level 1:colcon.colcon_core.package_identification:_identify(/home/factslabegmc/final_blimp_ws/src/blimp_node_2) by extension 'ignore_ament_install'
[1.869s] Level 1:colcon.colcon_core.package_identification:_identify(/home/factslabegmc/final_blimp_ws/src/blimp_node_2) by extensions ['colcon_pkg']
[1.869s] Level 1:colcon.colcon_core.package_identification:_identify(/home/factslabegmc/final_blimp_ws/src/blimp_node_2) by extension 'colcon_pkg'
[1.869s] Level 1:colcon.colcon_core.package_identification:_identify(/home/factslabegmc/final_blimp_ws/src/blimp_node_2) by extensions ['colcon_meta']
[1.870s] Level 1:colcon.colcon_core.package_identification:_identify(/home/factslabegmc/final_blimp_ws/src/blimp_node_2) by extension 'colcon_meta'
[1.870s] Level 1:colcon.colcon_core.package_identification:_identify(/home/factslabegmc/final_blimp_ws/src/blimp_node_2) by extensions ['ros']
[1.870s] Level 1:colcon.colcon_core.package_identification:_identify(/home/factslabegmc/final_blimp_ws/src/blimp_node_2) by extension 'ros'
[1.870s] DEBUG:colcon.colcon_core.package_identification:Package '/home/factslabegmc/final_blimp_ws/src/blimp_node_2' with type 'ros.ament_python' and name 'blimp_node_2'
[1.870s] Level 1:colcon.colcon_core.package_identification:_identify(/home/factslabegmc/final_blimp_ws/src/mocap_msgs) by extensions ['ignore', 'ignore_ament_install']
[1.870s] Level 1:colcon.colcon_core.package_identification:_identify(/home/factslabegmc/final_blimp_ws/src/mocap_msgs) by extension 'ignore'
[1.870s] Level 1:colcon.colcon_core.package_identification:_identify(/home/factslabegmc/final_blimp_ws/src/mocap_msgs) by extension 'ignore_ament_install'
[1.870s] Level 1:colcon.colcon_core.package_identification:_identify(/home/factslabegmc/final_blimp_ws/src/mocap_msgs) by extensions ['colcon_pkg']
[1.870s] Level 1:colcon.colcon_core.package_identification:_identify(/home/factslabegmc/final_blimp_ws/src/mocap_msgs) by extension 'colcon_pkg'
[1.870s] Level 1:colcon.colcon_core.package_identification:_identify(/home/factslabegmc/final_blimp_ws/src/mocap_msgs) by extensions ['colcon_meta']
[1.870s] Level 1:colcon.colcon_core.package_identification:_identify(/home/factslabegmc/final_blimp_ws/src/mocap_msgs) by extension 'colcon_meta'
[1.870s] Level 1:colcon.colcon_core.package_identification:_identify(/home/factslabegmc/final_blimp_ws/src/mocap_msgs) by extensions ['ros']
[1.870s] Level 1:colcon.colcon_core.package_identification:_identify(/home/factslabegmc/final_blimp_ws/src/mocap_msgs) by extension 'ros'
[1.871s] DEBUG:colcon.colcon_core.package_identification:Package '/home/factslabegmc/final_blimp_ws/src/mocap_msgs' with type 'ros.ament_cmake' and name 'mocap_msgs'
[1.871s] Level 1:colcon.colcon_core.package_discovery:discover_packages(recursive) using defaults
