[1.664s] DEBUG:colcon:Command line arguments: ['/usr/bin/colcon', 'build', '--symlink-install']
[1.664s] DEBUG:colcon:Parsed command line arguments: Namespace(allow_overriding=[], ament_cmake_args=None, base_paths=['.'], build_base='build', catkin_cmake_args=None, catkin_skip_building_tests=False, cmake_args=None, cmake_clean_cache=False, cmake_clean_first=False, cmake_force_configure=False, cmake_target=None, cmake_target_skip_unavailable=False, continue_on_error=False, event_handlers=None, executor='parallel', ignore_user_meta=False, install_base='install', log_base=None, log_level=None, main=<bound method BuildVerb.main of <colcon_core.verb.build.BuildVerb object at 0x7ff1a77fea30>>, merge_install=False, metas=['./colcon.meta'], packages_above=None, packages_above_and_dependencies=None, packages_above_depth=None, packages_end=None, packages_ignore=None, packages_ignore_regex=None, packages_select=None, packages_select_build_failed=False, packages_select_by_dep=None, packages_select_regex=None, packages_select_test_failures=False, packages_skip=None, packages_skip_build_finished=False, packages_skip_by_dep=None, packages_skip_regex=None, packages_skip_test_passed=False, packages_skip_up_to=None, packages_start=None, packages_up_to=None, packages_up_to_regex=None, parallel_workers=20, paths=None, symlink_install=True, test_result_base=None, verb_extension=<colcon_core.verb.build.BuildVerb object at 0x7ff1a77fea30>, verb_name='build', verb_parser=<colcon_defaults.argument_parser.defaults.DefaultArgumentsDecorator object at 0x7ff1a786e3a0>)
[1.735s] Level 1:colcon.colcon_core.package_discovery:discover_packages(colcon_meta) check parameters
[1.735s] Level 1:colcon.colcon_core.package_discovery:discover_packages(recursive) check parameters
[1.735s] Level 1:colcon.colcon_core.package_discovery:discover_packages(ignore) check parameters
[1.735s] Level 1:colcon.colcon_core.package_discovery:discover_packages(path) check parameters
[1.735s] Level 1:colcon.colcon_core.package_discovery:discover_packages(colcon_meta) discover
[1.735s] Level 1:colcon.colcon_core.package_discovery:discover_packages(recursive) discover
[1.735s] INFO:colcon.colcon_core.package_discovery:Crawling recursively for packages in '/home/factslabegmc/final_blimp_ws'
[1.735s] Level 1:colcon.colcon_core.package_identification:_identify(.) by extensions ['ignore', 'ignore_ament_install']
[1.735s] Level 1:colcon.colcon_core.package_identification:_identify(.) by extension 'ignore'
[1.735s] Level 1:colcon.colcon_core.package_identification:_identify(.) by extension 'ignore_ament_install'
[1.735s] Level 1:colcon.colcon_core.package_identification:_identify(.) by extensions ['colcon_pkg']
[1.735s] Level 1:colcon.colcon_core.package_identification:_identify(.) by extension 'colcon_pkg'
[1.735s] Level 1:colcon.colcon_core.package_identification:_identify(.) by extensions ['colcon_meta']
[1.735s] Level 1:colcon.colcon_core.package_identification:_identify(.) by extension 'colcon_meta'
[1.735s] Level 1:colcon.colcon_core.package_identification:_identify(.) by extensions ['ros']
[1.735s] Level 1:colcon.colcon_core.package_identification:_identify(.) by extension 'ros'
[1.742s] Level 1:colcon.colcon_core.package_identification:_identify(.) by extensions ['cmake', 'python']
[1.742s] Level 1:colcon.colcon_core.package_identification:_identify(.) by extension 'cmake'
[1.742s] Level 1:colcon.colcon_core.package_identification:_identify(.) by extension 'python'
[1.742s] Level 1:colcon.colcon_core.package_identification:_identify(.) by extensions ['python_setup_py']
[1.742s] Level 1:colcon.colcon_core.package_identification:_identify(.) by extension 'python_setup_py'
[1.742s] Level 1:colcon.colcon_core.package_identification:_identify(build) by extensions ['ignore', 'ignore_ament_install']
[1.742s] Level 1:colcon.colcon_core.package_identification:_identify(build) by extension 'ignore'
[1.742s] Level 1:colcon.colcon_core.package_identification:_identify(build) ignored
[1.742s] Level 1:colcon.colcon_core.package_identification:_identify(install) by extensions ['ignore', 'ignore_ament_install']
[1.742s] Level 1:colcon.colcon_core.package_identification:_identify(install) by extension 'ignore'
[1.742s] Level 1:colcon.colcon_core.package_identification:_identify(install) ignored
[1.742s] Level 1:colcon.colcon_core.package_identification:_identify(log) by extensions ['ignore', 'ignore_ament_install']
[1.742s] Level 1:colcon.colcon_core.package_identification:_identify(log) by extension 'ignore'
[1.742s] Level 1:colcon.colcon_core.package_identification:_identify(log) ignored
[1.742s] Level 1:colcon.colcon_core.package_identification:_identify(src) by extensions ['ignore', 'ignore_ament_install']
[1.742s] Level 1:colcon.colcon_core.package_identification:_identify(src) by extension 'ignore'
[1.742s] Level 1:colcon.colcon_core.package_identification:_identify(src) by extension 'ignore_ament_install'
[1.742s] Level 1:colcon.colcon_core.package_identification:_identify(src) by extensions ['colcon_pkg']
[1.742s] Level 1:colcon.colcon_core.package_identification:_identify(src) by extension 'colcon_pkg'
[1.742s] Level 1:colcon.colcon_core.package_identification:_identify(src) by extensions ['colcon_meta']
[1.742s] Level 1:colcon.colcon_core.package_identification:_identify(src) by extension 'colcon_meta'
[1.742s] Level 1:colcon.colcon_core.package_identification:_identify(src) by extensions ['ros']
[1.742s] Level 1:colcon.colcon_core.package_identification:_identify(src) by extension 'ros'
[1.742s] Level 1:colcon.colcon_core.package_identification:_identify(src) by extensions ['cmake', 'python']
[1.742s] Level 1:colcon.colcon_core.package_identification:_identify(src) by extension 'cmake'
[1.742s] Level 1:colcon.colcon_core.package_identification:_identify(src) by extension 'python'
[1.742s] Level 1:colcon.colcon_core.package_identification:_identify(src) by extensions ['python_setup_py']
[1.742s] Level 1:colcon.colcon_core.package_identification:_identify(src) by extension 'python_setup_py'
[1.742s] Level 1:colcon.colcon_core.package_identification:_identify(src/blimp_mpc_ros) by extensions ['ignore', 'ignore_ament_install']
[1.742s] Level 1:colcon.colcon_core.package_identification:_identify(src/blimp_mpc_ros) by extension 'ignore'
[1.742s] Level 1:colcon.colcon_core.package_identification:_identify(src/blimp_mpc_ros) by extension 'ignore_ament_install'
[1.742s] Level 1:colcon.colcon_core.package_identification:_identify(src/blimp_mpc_ros) by extensions ['colcon_pkg']
[1.742s] Level 1:colcon.colcon_core.package_identification:_identify(src/blimp_mpc_ros) by extension 'colcon_pkg'
[1.743s] Level 1:colcon.colcon_core.package_identification:_identify(src/blimp_mpc_ros) by extensions ['colcon_meta']
[1.743s] Level 1:colcon.colcon_core.package_identification:_identify(src/blimp_mpc_ros) by extension 'colcon_meta'
[1.743s] Level 1:colcon.colcon_core.package_identification:_identify(src/blimp_mpc_ros) by extensions ['ros']
[1.743s] Level 1:colcon.colcon_core.package_identification:_identify(src/blimp_mpc_ros) by extension 'ros'
[1.744s] DEBUG:colcon.colcon_core.package_identification:Package 'src/blimp_mpc_ros' with type 'ros.ament_python' and name 'blimp_mpc_ros'
[1.744s] Level 1:colcon.colcon_core.package_identification:_identify(src/blimp_node_2) by extensions ['ignore', 'ignore_ament_install']
[1.744s] Level 1:colcon.colcon_core.package_identification:_identify(src/blimp_node_2) by extension 'ignore'
[1.744s] Level 1:colcon.colcon_core.package_identification:_identify(src/blimp_node_2) by extension 'ignore_ament_install'
[1.744s] Level 1:colcon.colcon_core.package_identification:_identify(src/blimp_node_2) by extensions ['colcon_pkg']
[1.744s] Level 1:colcon.colcon_core.package_identification:_identify(src/blimp_node_2) by extension 'colcon_pkg'
[1.744s] Level 1:colcon.colcon_core.package_identification:_identify(src/blimp_node_2) by extensions ['colcon_meta']
[1.744s] Level 1:colcon.colcon_core.package_identification:_identify(src/blimp_node_2) by extension 'colcon_meta'
[1.744s] Level 1:colcon.colcon_core.package_identification:_identify(src/blimp_node_2) by extensions ['ros']
[1.744s] Level 1:colcon.colcon_core.package_identification:_identify(src/blimp_node_2) by extension 'ros'
[1.745s] DEBUG:colcon.colcon_core.package_identification:Package 'src/blimp_node_2' with type 'ros.ament_python' and name 'blimp_node_2'
[1.745s] Level 1:colcon.colcon_core.package_discovery:discover_packages(recursive) using defaults
[1.745s] Level 1:colcon.colcon_core.package_discovery:discover_packages(ignore) discover
[1.745s] Level 1:colcon.colcon_core.package_discovery:discover_packages(ignore) using defaults
[1.745s] Level 1:colcon.colcon_core.package_discovery:discover_packages(path) discover
[1.745s] Level 1:colcon.colcon_core.package_discovery:discover_packages(path) using defaults
[1.896s] Level 1:colcon.colcon_core.package_discovery:discover_packages(prefix_path) check parameters
[1.896s] Level 1:colcon.colcon_core.package_discovery:discover_packages(prefix_path) discover
[1.953s] DEBUG:colcon.colcon_installed_package_information.package_discovery:Found 2 installed packages in /home/factslabegmc/final_blimp_ws/install
[1.987s] DEBUG:colcon.colcon_installed_package_information.package_discovery:Found 16 installed packages in /home/factslabegmc/mocap_ws/install
[2.015s] DEBUG:colcon.colcon_installed_package_information.package_discovery:Found 280 installed packages in /opt/ros/galactic
[2.016s] Level 1:colcon.colcon_core.package_discovery:discover_packages(prefix_path) using defaults
[2.114s] Level 5:colcon.colcon_core.verb:set package 'blimp_mpc_ros' build argument 'cmake_args' from command line to 'None'
[2.115s] Level 5:colcon.colcon_core.verb:set package 'blimp_mpc_ros' build argument 'cmake_target' from command line to 'None'
[2.115s] Level 5:colcon.colcon_core.verb:set package 'blimp_mpc_ros' build argument 'cmake_target_skip_unavailable' from command line to 'False'
[2.115s] Level 5:colcon.colcon_core.verb:set package 'blimp_mpc_ros' build argument 'cmake_clean_cache' from command line to 'False'
[2.115s] Level 5:colcon.colcon_core.verb:set package 'blimp_mpc_ros' build argument 'cmake_clean_first' from command line to 'False'
[2.115s] Level 5:colcon.colcon_core.verb:set package 'blimp_mpc_ros' build argument 'cmake_force_configure' from command line to 'False'
[2.115s] Level 5:colcon.colcon_core.verb:set package 'blimp_mpc_ros' build argument 'ament_cmake_args' from command line to 'None'
[2.115s] Level 5:colcon.colcon_core.verb:set package 'blimp_mpc_ros' build argument 'catkin_cmake_args' from command line to 'None'
[2.115s] Level 5:colcon.colcon_core.verb:set package 'blimp_mpc_ros' build argument 'catkin_skip_building_tests' from command line to 'False'
[2.115s] DEBUG:colcon.colcon_core.verb:Building package 'blimp_mpc_ros' with the following arguments: {'ament_cmake_args': None, 'build_base': '/home/factslabegmc/final_blimp_ws/build/blimp_mpc_ros', 'catkin_cmake_args': None, 'catkin_skip_building_tests': False, 'cmake_args': None, 'cmake_clean_cache': False, 'cmake_clean_first': False, 'cmake_force_configure': False, 'cmake_target': None, 'cmake_target_skip_unavailable': False, 'install_base': '/home/factslabegmc/final_blimp_ws/install/blimp_mpc_ros', 'merge_install': False, 'path': '/home/factslabegmc/final_blimp_ws/src/blimp_mpc_ros', 'symlink_install': True, 'test_result_base': None}
[2.143s] Level 5:colcon.colcon_core.verb:set package 'blimp_node_2' build argument 'cmake_args' from command line to 'None'
[2.143s] Level 5:colcon.colcon_core.verb:set package 'blimp_node_2' build argument 'cmake_target' from command line to 'None'
[2.143s] Level 5:colcon.colcon_core.verb:set package 'blimp_node_2' build argument 'cmake_target_skip_unavailable' from command line to 'False'
[2.143s] Level 5:colcon.colcon_core.verb:set package 'blimp_node_2' build argument 'cmake_clean_cache' from command line to 'False'
[2.143s] Level 5:colcon.colcon_core.verb:set package 'blimp_node_2' build argument 'cmake_clean_first' from command line to 'False'
[2.143s] Level 5:colcon.colcon_core.verb:set package 'blimp_node_2' build argument 'cmake_force_configure' from command line to 'False'
[2.143s] Level 5:colcon.colcon_core.verb:set package 'blimp_node_2' build argument 'ament_cmake_args' from command line to 'None'
[2.143s] Level 5:colcon.colcon_core.verb:set package 'blimp_node_2' build argument 'catkin_cmake_args' from command line to 'None'
[2.143s] Level 5:colcon.colcon_core.verb:set package 'blimp_node_2' build argument 'catkin_skip_building_tests' from command line to 'False'
[2.143s] DEBUG:colcon.colcon_core.verb:Building package 'blimp_node_2' with the following arguments: {'ament_cmake_args': None, 'build_base': '/home/factslabegmc/final_blimp_ws/build/blimp_node_2', 'catkin_cmake_args': None, 'catkin_skip_building_tests': False, 'cmake_args': None, 'cmake_clean_cache': False, 'cmake_clean_first': False, 'cmake_force_configure': False, 'cmake_target': None, 'cmake_target_skip_unavailable': False, 'install_base': '/home/factslabegmc/final_blimp_ws/install/blimp_node_2', 'merge_install': False, 'path': '/home/factslabegmc/final_blimp_ws/src/blimp_node_2', 'symlink_install': True, 'test_result_base': None}
[2.171s] INFO:colcon.colcon_core.executor:Executing jobs using 'parallel' executor
[2.205s] DEBUG:colcon.colcon_parallel_executor.executor.parallel:run_until_complete
[2.205s] INFO:colcon.colcon_ros.task.ament_python.build:Building ROS package in '/home/factslabegmc/final_blimp_ws/src/blimp_mpc_ros' with build type 'ament_python'
[2.205s] Level 1:colcon.colcon_core.shell:create_environment_hook('blimp_mpc_ros', 'ament_prefix_path')
[2.235s] INFO:colcon.colcon_core.plugin_system:Skipping extension 'colcon_core.shell.bat': Not used on non-Windows systems
[2.235s] INFO:colcon.colcon_core.shell:Creating environment hook '/home/factslabegmc/final_blimp_ws/install/blimp_mpc_ros/share/blimp_mpc_ros/hook/ament_prefix_path.ps1'
[2.236s] INFO:colcon.colcon_core.shell:Creating environment descriptor '/home/factslabegmc/final_blimp_ws/install/blimp_mpc_ros/share/blimp_mpc_ros/hook/ament_prefix_path.dsv'
[2.236s] INFO:colcon.colcon_core.shell:Creating environment hook '/home/factslabegmc/final_blimp_ws/install/blimp_mpc_ros/share/blimp_mpc_ros/hook/ament_prefix_path.sh'
[2.267s] INFO:colcon.colcon_core.shell:Skip shell extension 'powershell' for command environment: Not usable outside of PowerShell
[2.267s] DEBUG:colcon.colcon_core.shell:Skip shell extension 'dsv' for command environment
[2.384s] INFO:colcon.colcon_ros.task.ament_python.build:Building ROS package in '/home/factslabegmc/final_blimp_ws/src/blimp_node_2' with build type 'ament_python'
[2.384s] Level 1:colcon.colcon_core.shell:create_environment_hook('blimp_node_2', 'ament_prefix_path')
[2.413s] INFO:colcon.colcon_core.shell:Creating environment hook '/home/factslabegmc/final_blimp_ws/install/blimp_node_2/share/blimp_node_2/hook/ament_prefix_path.ps1'
[2.413s] INFO:colcon.colcon_core.shell:Creating environment descriptor '/home/factslabegmc/final_blimp_ws/install/blimp_node_2/share/blimp_node_2/hook/ament_prefix_path.dsv'
[2.414s] INFO:colcon.colcon_core.shell:Creating environment hook '/home/factslabegmc/final_blimp_ws/install/blimp_node_2/share/blimp_node_2/hook/ament_prefix_path.sh'
[2.443s] INFO:colcon.colcon_core.shell:Skip shell extension 'powershell' for command environment: Not usable outside of PowerShell
[2.443s] DEBUG:colcon.colcon_core.shell:Skip shell extension 'dsv' for command environment
[2.720s] INFO:colcon.colcon_core.task.python.build:Building Python package in '/home/factslabegmc/final_blimp_ws/src/blimp_mpc_ros'
[2.747s] INFO:colcon.colcon_core.shell:Skip shell extension 'powershell' for command environment: Not usable outside of PowerShell
[2.747s] DEBUG:colcon.colcon_core.shell:Skip shell extension 'dsv' for command environment
[3.033s] INFO:colcon.colcon_core.task.python.build:Building Python package in '/home/factslabegmc/final_blimp_ws/src/blimp_node_2'
[3.060s] INFO:colcon.colcon_core.shell:Skip shell extension 'powershell' for command environment: Not usable outside of PowerShell
[3.060s] DEBUG:colcon.colcon_core.shell:Skip shell extension 'dsv' for command environment
[3.457s] DEBUG:colcon.colcon_core.event_handler.log_command:Invoking command in '/home/factslabegmc/final_blimp_ws/build/blimp_mpc_ros': PYTHONPATH=/home/factslabegmc/final_blimp_ws/build/blimp_mpc_ros/prefix_override:/home/factslabegmc/final_blimp_ws/install/blimp_mpc_ros/lib/python3.8/site-packages:${PYTHONPATH} /usr/bin/python3 setup.py develop --editable --build-directory /home/factslabegmc/final_blimp_ws/build/blimp_mpc_ros/build --no-deps install_data
[3.462s] DEBUG:colcon.colcon_core.event_handler.log_command:Invoking command in '/home/factslabegmc/final_blimp_ws/build/blimp_node_2': PYTHONPATH=/home/factslabegmc/final_blimp_ws/build/blimp_node_2/prefix_override:/home/factslabegmc/final_blimp_ws/install/blimp_node_2/lib/python3.8/site-packages:${PYTHONPATH} /usr/bin/python3 setup.py develop --editable --build-directory /home/factslabegmc/final_blimp_ws/build/blimp_node_2/build --no-deps install_data
[3.776s] Level 1:colcon.colcon_core.shell:create_environment_hook('blimp_node_2', 'pythonpath_develop')
[3.777s] DEBUG:colcon.colcon_core.event_handler.log_command:Invoked command in '/home/factslabegmc/final_blimp_ws/build/blimp_node_2' returned '0': PYTHONPATH=/home/factslabegmc/final_blimp_ws/build/blimp_node_2/prefix_override:/home/factslabegmc/final_blimp_ws/install/blimp_node_2/lib/python3.8/site-packages:${PYTHONPATH} /usr/bin/python3 setup.py develop --editable --build-directory /home/factslabegmc/final_blimp_ws/build/blimp_node_2/build --no-deps install_data
[3.806s] INFO:colcon.colcon_core.shell:Creating environment hook '/home/factslabegmc/final_blimp_ws/build/blimp_node_2/share/blimp_node_2/hook/pythonpath_develop.ps1'
[3.806s] INFO:colcon.colcon_core.shell:Creating environment descriptor '/home/factslabegmc/final_blimp_ws/build/blimp_node_2/share/blimp_node_2/hook/pythonpath_develop.dsv'
[3.806s] INFO:colcon.colcon_core.shell:Creating environment hook '/home/factslabegmc/final_blimp_ws/build/blimp_node_2/share/blimp_node_2/hook/pythonpath_develop.sh'
[3.836s] Level 1:colcon.colcon_core.environment:checking '/home/factslabegmc/final_blimp_ws/install/blimp_node_2' for CMake module files
[3.836s] Level 1:colcon.colcon_core.environment:checking '/home/factslabegmc/final_blimp_ws/install/blimp_node_2' for CMake config files
[3.836s] Level 1:colcon.colcon_core.environment:checking '/home/factslabegmc/final_blimp_ws/install/blimp_node_2/lib'
[3.836s] Level 1:colcon.colcon_core.environment:checking '/home/factslabegmc/final_blimp_ws/install/blimp_node_2/bin'
[3.836s] Level 1:colcon.colcon_core.environment:checking '/home/factslabegmc/final_blimp_ws/install/blimp_node_2/lib/pkgconfig/blimp_node_2.pc'
[3.836s] Level 1:colcon.colcon_core.environment:checking '/home/factslabegmc/final_blimp_ws/install/blimp_node_2/lib/python3.8/site-packages'
[3.836s] Level 1:colcon.colcon_core.shell:create_environment_hook('blimp_node_2', 'pythonpath')
[3.865s] INFO:colcon.colcon_core.shell:Creating environment hook '/home/factslabegmc/final_blimp_ws/install/blimp_node_2/share/blimp_node_2/hook/pythonpath.ps1'
[3.866s] INFO:colcon.colcon_core.shell:Creating environment descriptor '/home/factslabegmc/final_blimp_ws/install/blimp_node_2/share/blimp_node_2/hook/pythonpath.dsv'
[3.866s] INFO:colcon.colcon_core.shell:Creating environment hook '/home/factslabegmc/final_blimp_ws/install/blimp_node_2/share/blimp_node_2/hook/pythonpath.sh'
[3.866s] Level 1:colcon.colcon_core.environment:checking '/home/factslabegmc/final_blimp_ws/install/blimp_node_2/bin'
[3.866s] Level 1:colcon.colcon_core.environment:create_environment_scripts_only(blimp_node_2)
[3.895s] INFO:colcon.colcon_core.shell:Creating package script '/home/factslabegmc/final_blimp_ws/install/blimp_node_2/share/blimp_node_2/package.ps1'
[3.895s] INFO:colcon.colcon_core.shell:Creating package descriptor '/home/factslabegmc/final_blimp_ws/install/blimp_node_2/share/blimp_node_2/package.dsv'
[3.895s] INFO:colcon.colcon_core.shell:Creating package script '/home/factslabegmc/final_blimp_ws/install/blimp_node_2/share/blimp_node_2/package.sh'
[3.896s] INFO:colcon.colcon_core.shell:Creating package script '/home/factslabegmc/final_blimp_ws/install/blimp_node_2/share/blimp_node_2/package.bash'
[3.896s] INFO:colcon.colcon_core.shell:Creating package script '/home/factslabegmc/final_blimp_ws/install/blimp_node_2/share/blimp_node_2/package.zsh'
[3.896s] Level 1:colcon.colcon_core.environment:create_file_with_runtime_dependencies(/home/factslabegmc/final_blimp_ws/install/blimp_node_2/share/colcon-core/packages/blimp_node_2)
[3.897s] Level 1:colcon.colcon_core.shell:create_environment_hook('blimp_mpc_ros', 'pythonpath_develop')
[3.897s] DEBUG:colcon.colcon_core.event_handler.log_command:Invoked command in '/home/factslabegmc/final_blimp_ws/build/blimp_mpc_ros' returned '0': PYTHONPATH=/home/factslabegmc/final_blimp_ws/build/blimp_mpc_ros/prefix_override:/home/factslabegmc/final_blimp_ws/install/blimp_mpc_ros/lib/python3.8/site-packages:${PYTHONPATH} /usr/bin/python3 setup.py develop --editable --build-directory /home/factslabegmc/final_blimp_ws/build/blimp_mpc_ros/build --no-deps install_data
[3.926s] INFO:colcon.colcon_core.shell:Creating environment hook '/home/factslabegmc/final_blimp_ws/build/blimp_mpc_ros/share/blimp_mpc_ros/hook/pythonpath_develop.ps1'
[3.927s] INFO:colcon.colcon_core.shell:Creating environment descriptor '/home/factslabegmc/final_blimp_ws/build/blimp_mpc_ros/share/blimp_mpc_ros/hook/pythonpath_develop.dsv'
[3.927s] INFO:colcon.colcon_core.shell:Creating environment hook '/home/factslabegmc/final_blimp_ws/build/blimp_mpc_ros/share/blimp_mpc_ros/hook/pythonpath_develop.sh'
[3.956s] Level 1:colcon.colcon_core.environment:checking '/home/factslabegmc/final_blimp_ws/install/blimp_mpc_ros' for CMake module files
[3.956s] Level 1:colcon.colcon_core.environment:checking '/home/factslabegmc/final_blimp_ws/install/blimp_mpc_ros' for CMake config files
[3.957s] Level 1:colcon.colcon_core.environment:checking '/home/factslabegmc/final_blimp_ws/install/blimp_mpc_ros/lib'
[3.957s] Level 1:colcon.colcon_core.environment:checking '/home/factslabegmc/final_blimp_ws/install/blimp_mpc_ros/bin'
[3.957s] Level 1:colcon.colcon_core.environment:checking '/home/factslabegmc/final_blimp_ws/install/blimp_mpc_ros/lib/pkgconfig/blimp_mpc_ros.pc'
[3.957s] Level 1:colcon.colcon_core.environment:checking '/home/factslabegmc/final_blimp_ws/install/blimp_mpc_ros/lib/python3.8/site-packages'
[3.957s] Level 1:colcon.colcon_core.shell:create_environment_hook('blimp_mpc_ros', 'pythonpath')
[3.986s] INFO:colcon.colcon_core.shell:Creating environment hook '/home/factslabegmc/final_blimp_ws/install/blimp_mpc_ros/share/blimp_mpc_ros/hook/pythonpath.ps1'
[3.986s] INFO:colcon.colcon_core.shell:Creating environment descriptor '/home/factslabegmc/final_blimp_ws/install/blimp_mpc_ros/share/blimp_mpc_ros/hook/pythonpath.dsv'
[3.986s] INFO:colcon.colcon_core.shell:Creating environment hook '/home/factslabegmc/final_blimp_ws/install/blimp_mpc_ros/share/blimp_mpc_ros/hook/pythonpath.sh'
[3.987s] Level 1:colcon.colcon_core.environment:checking '/home/factslabegmc/final_blimp_ws/install/blimp_mpc_ros/bin'
[3.987s] Level 1:colcon.colcon_core.environment:create_environment_scripts_only(blimp_mpc_ros)
[4.015s] INFO:colcon.colcon_core.shell:Creating package script '/home/factslabegmc/final_blimp_ws/install/blimp_mpc_ros/share/blimp_mpc_ros/package.ps1'
[4.016s] INFO:colcon.colcon_core.shell:Creating package descriptor '/home/factslabegmc/final_blimp_ws/install/blimp_mpc_ros/share/blimp_mpc_ros/package.dsv'
[4.016s] INFO:colcon.colcon_core.shell:Creating package script '/home/factslabegmc/final_blimp_ws/install/blimp_mpc_ros/share/blimp_mpc_ros/package.sh'
[4.016s] INFO:colcon.colcon_core.shell:Creating package script '/home/factslabegmc/final_blimp_ws/install/blimp_mpc_ros/share/blimp_mpc_ros/package.bash'
[4.016s] INFO:colcon.colcon_core.shell:Creating package script '/home/factslabegmc/final_blimp_ws/install/blimp_mpc_ros/share/blimp_mpc_ros/package.zsh'
[4.016s] Level 1:colcon.colcon_core.environment:create_file_with_runtime_dependencies(/home/factslabegmc/final_blimp_ws/install/blimp_mpc_ros/share/colcon-core/packages/blimp_mpc_ros)
[4.017s] DEBUG:colcon.colcon_parallel_executor.executor.parallel:closing loop
[4.017s] DEBUG:colcon.colcon_parallel_executor.executor.parallel:loop closed
[4.017s] DEBUG:colcon.colcon_parallel_executor.executor.parallel:run_until_complete finished with '0'
[4.017s] DEBUG:colcon.colcon_core.event_reactor:joining thread
[4.049s] INFO:colcon.colcon_core.plugin_system:Skipping extension 'colcon_notification.desktop_notification.terminal_notifier': Not used on non-Darwin systems
[4.049s] INFO:colcon.colcon_core.plugin_system:Skipping extension 'colcon_notification.desktop_notification.win32': Not used on non-Windows systems
[4.049s] INFO:colcon.colcon_notification.desktop_notification:Sending desktop notification using 'notify2'
[4.059s] DEBUG:colcon.colcon_core.event_reactor:joined thread
[4.093s] INFO:colcon.colcon_core.shell:Creating prefix script '/home/factslabegmc/final_blimp_ws/install/local_setup.ps1'
[4.093s] INFO:colcon.colcon_core.shell:Creating prefix util module '/home/factslabegmc/final_blimp_ws/install/_local_setup_util_ps1.py'
[4.094s] INFO:colcon.colcon_core.shell:Creating prefix chain script '/home/factslabegmc/final_blimp_ws/install/setup.ps1'
[4.122s] INFO:colcon.colcon_core.shell:Creating prefix script '/home/factslabegmc/final_blimp_ws/install/local_setup.sh'
[4.122s] INFO:colcon.colcon_core.shell:Creating prefix util module '/home/factslabegmc/final_blimp_ws/install/_local_setup_util_sh.py'
[4.123s] INFO:colcon.colcon_core.shell:Creating prefix chain script '/home/factslabegmc/final_blimp_ws/install/setup.sh'
[4.152s] INFO:colcon.colcon_core.shell:Creating prefix script '/home/factslabegmc/final_blimp_ws/install/local_setup.bash'
[4.152s] INFO:colcon.colcon_core.shell:Creating prefix chain script '/home/factslabegmc/final_blimp_ws/install/setup.bash'
[4.182s] INFO:colcon.colcon_core.shell:Creating prefix script '/home/factslabegmc/final_blimp_ws/install/local_setup.zsh'
[4.182s] INFO:colcon.colcon_core.shell:Creating prefix chain script '/home/factslabegmc/final_blimp_ws/install/setup.zsh'
