-- The C compiler identification is GNU 9.4.0
-- The CXX compiler identification is GNU 9.4.0
-- Check for working C compiler: /usr/bin/cc
-- Check for working C compiler: /usr/bin/cc -- works
-- Detecting C compiler ABI info
-- Detecting C compiler ABI info - done
-- Detecting C compile features
-- Detecting C compile features - done
-- Check for working CXX compiler: /usr/bin/c++
-- Check for working CXX compiler: /usr/bin/c++ -- works
-- Detecting CXX compiler ABI info
-- Detecting CXX compiler ABI info - done
-- Detecting CXX compile features
-- Detecting CXX compile features - done
-- Found ament_cmake: 1.1.6 (/opt/ros/galactic/share/ament_cmake/cmake)
-- Found PythonInterp: /usr/bin/python3 (found suitable version "3.8.10", minimum required is "3") 
-- Using PYTHON_EXECUTABLE: /usr/bin/python3
-- Override CMake install command with custom implementation using symlinks instead of copying resources
-- Found rosidl_default_generators: 1.1.1 (/opt/ros/galactic/share/rosidl_default_generators/cmake)
-- Using all available rosidl_typesupport_c: rosidl_typesupport_fastrtps_c;rosidl_typesupport_introspection_c
-- Found rosidl_adapter: 2.2.3 (/opt/ros/galactic/share/rosidl_adapter/cmake)
-- Found OpenSSL: /usr/lib/x86_64-linux-gnu/libcrypto.so (found version "1.1.1f")  
-- Found FastRTPS: /opt/ros/galactic/include  
-- Using all available rosidl_typesupport_cpp: rosidl_typesupport_fastrtps_cpp;rosidl_typesupport_introspection_cpp
-- Found builtin_interfaces: 1.0.3 (/opt/ros/galactic/share/builtin_interfaces/cmake)
-- Found std_msgs: 2.2.4 (/opt/ros/galactic/share/std_msgs/cmake)
-- Found geometry_msgs: 2.2.4 (/opt/ros/galactic/share/geometry_msgs/cmake)
-- Found PythonInterp: /usr/bin/python3 (found version "3.8.10") 
-- Found ament_cmake_ros: 0.9.2 (/opt/ros/galactic/share/ament_cmake_ros/cmake)
-- Using all available rosidl_typesupport_c: rosidl_typesupport_fastrtps_c;rosidl_typesupport_introspection_c
-- Using all available rosidl_typesupport_cpp: rosidl_typesupport_fastrtps_cpp;rosidl_typesupport_introspection_cpp
-- Found PythonInterp: /usr/bin/python3 (found suitable version "3.8.10", minimum required is "3.5") 
-- Found python_cmake_module: 0.8.1 (/opt/ros/galactic/share/python_cmake_module/cmake)
-- Found PythonLibs: /usr/lib/x86_64-linux-gnu/libpython3.8.so (found suitable version "3.8.10", minimum required is "3.5") 
-- Using PYTHON_EXECUTABLE: /usr/bin/python3
-- Using PYTHON_INCLUDE_DIRS: /usr/include/python3.8
-- Using PYTHON_LIBRARIES: /usr/lib/x86_64-linux-gnu/libpython3.8.so
-- Found PythonExtra: .so  
-- Configuring done
-- Generating done
-- Build files have been written to: /home/factslabegmc/final_blimp_ws/build/mocap_msgs
[35m[1mScanning dependencies of target mocap_msgs__cpp[0m
[  1%] [34m[1mGenerating C code for ROS interfaces[0m
[  3%] [34m[1mGenerating C++ code for ROS interfaces[0m
[  3%] Built target mocap_msgs__cpp
[  4%] [34m[1mGenerating C++ introspection for ROS interfaces[0m
[  6%] [34m[1mGenerating C++ type support dispatch for ROS interfaces[0m
[  7%] [34m[1mGenerating C++ type support for eProsima Fast-RTPS[0m
[35m[1mScanning dependencies of target mocap_msgs__rosidl_generator_c[0m
[  9%] [32mBuilding C object CMakeFiles/mocap_msgs__rosidl_generator_c.dir/rosidl_generator_c/mocap_msgs/msg/detail/marker__functions.c.o[0m
[ 11%] [32mBuilding C object CMakeFiles/mocap_msgs__rosidl_generator_c.dir/rosidl_generator_c/mocap_msgs/msg/detail/markers__functions.c.o[0m
[ 12%] [32mBuilding C object CMakeFiles/mocap_msgs__rosidl_generator_c.dir/rosidl_generator_c/mocap_msgs/msg/detail/imus_info__functions.c.o[0m
[ 15%] [32mBuilding C object CMakeFiles/mocap_msgs__rosidl_generator_c.dir/rosidl_generator_c/mocap_msgs/msg/detail/rigid_body__functions.c.o[0m
[ 15%] [32mBuilding C object CMakeFiles/mocap_msgs__rosidl_generator_c.dir/rosidl_generator_c/mocap_msgs/msg/detail/rigid_bodies__functions.c.o[0m
[ 17%] [32m[1mLinking C shared library libmocap_msgs__rosidl_generator_c.so[0m
[ 17%] Built target mocap_msgs__rosidl_generator_c
[ 20%] [34m[1mGenerating C type support dispatch for ROS interfaces[0m
[ 20%] [34m[1mGenerating C introspection for ROS interfaces[0m
[35m[1mScanning dependencies of target mocap_msgs__rosidl_typesupport_cpp[0m
[ 22%] [32mBuilding CXX object CMakeFiles/mocap_msgs__rosidl_typesupport_cpp.dir/rosidl_typesupport_cpp/mocap_msgs/msg/rigid_body__type_support.cpp.o[0m
[ 23%] [32mBuilding CXX object CMakeFiles/mocap_msgs__rosidl_typesupport_cpp.dir/rosidl_typesupport_cpp/mocap_msgs/msg/marker__type_support.cpp.o[0m
[ 25%] [32mBuilding CXX object CMakeFiles/mocap_msgs__rosidl_typesupport_cpp.dir/rosidl_typesupport_cpp/mocap_msgs/msg/markers__type_support.cpp.o[0m
[ 26%] [32mBuilding CXX object CMakeFiles/mocap_msgs__rosidl_typesupport_cpp.dir/rosidl_typesupport_cpp/mocap_msgs/msg/imus_info__type_support.cpp.o[0m
[ 28%] [32mBuilding CXX object CMakeFiles/mocap_msgs__rosidl_typesupport_cpp.dir/rosidl_typesupport_cpp/mocap_msgs/msg/rigid_bodies__type_support.cpp.o[0m
[35m[1mScanning dependencies of target mocap_msgs__rosidl_typesupport_introspection_cpp[0m
[ 30%] [32mBuilding CXX object CMakeFiles/mocap_msgs__rosidl_typesupport_introspection_cpp.dir/rosidl_typesupport_introspection_cpp/mocap_msgs/msg/detail/marker__type_support.cpp.o[0m
[ 31%] [32mBuilding CXX object CMakeFiles/mocap_msgs__rosidl_typesupport_introspection_cpp.dir/rosidl_typesupport_introspection_cpp/mocap_msgs/msg/detail/imus_info__type_support.cpp.o[0m
[ 33%] [32mBuilding CXX object CMakeFiles/mocap_msgs__rosidl_typesupport_introspection_cpp.dir/rosidl_typesupport_introspection_cpp/mocap_msgs/msg/detail/rigid_body__type_support.cpp.o[0m
[ 34%] [32mBuilding CXX object CMakeFiles/mocap_msgs__rosidl_typesupport_introspection_cpp.dir/rosidl_typesupport_introspection_cpp/mocap_msgs/msg/detail/rigid_bodies__type_support.cpp.o[0m
[35m[1mScanning dependencies of target mocap_msgs__rosidl_typesupport_fastrtps_cpp[0m
[ 36%] [32mBuilding CXX object CMakeFiles/mocap_msgs__rosidl_typesupport_introspection_cpp.dir/rosidl_typesupport_introspection_cpp/mocap_msgs/msg/detail/markers__type_support.cpp.o[0m
[ 38%] [32mBuilding CXX object CMakeFiles/mocap_msgs__rosidl_typesupport_fastrtps_cpp.dir/rosidl_typesupport_fastrtps_cpp/mocap_msgs/msg/detail/dds_fastrtps/marker__type_support.cpp.o[0m
[ 41%] [32mBuilding CXX object CMakeFiles/mocap_msgs__rosidl_typesupport_fastrtps_cpp.dir/rosidl_typesupport_fastrtps_cpp/mocap_msgs/msg/detail/dds_fastrtps/rigid_body__type_support.cpp.o[0m
[ 41%] [32mBuilding CXX object CMakeFiles/mocap_msgs__rosidl_typesupport_fastrtps_cpp.dir/rosidl_typesupport_fastrtps_cpp/mocap_msgs/msg/detail/dds_fastrtps/markers__type_support.cpp.o[0m
[ 42%] [32mBuilding CXX object CMakeFiles/mocap_msgs__rosidl_typesupport_fastrtps_cpp.dir/rosidl_typesupport_fastrtps_cpp/mocap_msgs/msg/detail/dds_fastrtps/imus_info__type_support.cpp.o[0m
[ 44%] [32mBuilding CXX object CMakeFiles/mocap_msgs__rosidl_typesupport_fastrtps_cpp.dir/rosidl_typesupport_fastrtps_cpp/mocap_msgs/msg/detail/dds_fastrtps/rigid_bodies__type_support.cpp.o[0m
[35m[1mScanning dependencies of target mocap_msgs__rosidl_typesupport_c[0m
[ 47%] [32mBuilding CXX object CMakeFiles/mocap_msgs__rosidl_typesupport_c.dir/rosidl_typesupport_c/mocap_msgs/msg/markers__type_support.cpp.o[0m
[ 47%] [32mBuilding CXX object CMakeFiles/mocap_msgs__rosidl_typesupport_c.dir/rosidl_typesupport_c/mocap_msgs/msg/imus_info__type_support.cpp.o[0m
[ 49%] [32mBuilding CXX object CMakeFiles/mocap_msgs__rosidl_typesupport_c.dir/rosidl_typesupport_c/mocap_msgs/msg/marker__type_support.cpp.o[0m
[ 50%] [32mBuilding CXX object CMakeFiles/mocap_msgs__rosidl_typesupport_c.dir/rosidl_typesupport_c/mocap_msgs/msg/rigid_body__type_support.cpp.o[0m
[ 52%] [32mBuilding CXX object CMakeFiles/mocap_msgs__rosidl_typesupport_c.dir/rosidl_typesupport_c/mocap_msgs/msg/rigid_bodies__type_support.cpp.o[0m
[35m[1mScanning dependencies of target mocap_msgs__rosidl_typesupport_introspection_c[0m
[ 53%] [32m[1mLinking CXX shared library libmocap_msgs__rosidl_typesupport_c.so[0m
[ 55%] [32mBuilding C object CMakeFiles/mocap_msgs__rosidl_typesupport_introspection_c.dir/rosidl_typesupport_introspection_c/mocap_msgs/msg/detail/marker__type_support.c.o[0m
[ 57%] [32mBuilding C object CMakeFiles/mocap_msgs__rosidl_typesupport_introspection_c.dir/rosidl_typesupport_introspection_c/mocap_msgs/msg/detail/markers__type_support.c.o[0m
[ 58%] [32mBuilding C object CMakeFiles/mocap_msgs__rosidl_typesupport_introspection_c.dir/rosidl_typesupport_introspection_c/mocap_msgs/msg/detail/imus_info__type_support.c.o[0m
[ 60%] [32mBuilding C object CMakeFiles/mocap_msgs__rosidl_typesupport_introspection_c.dir/rosidl_typesupport_introspection_c/mocap_msgs/msg/detail/rigid_body__type_support.c.o[0m
[ 61%] [32mBuilding C object CMakeFiles/mocap_msgs__rosidl_typesupport_introspection_c.dir/rosidl_typesupport_introspection_c/mocap_msgs/msg/detail/rigid_bodies__type_support.c.o[0m
[ 61%] Built target mocap_msgs__rosidl_typesupport_c
[ 63%] [32m[1mLinking C shared library libmocap_msgs__rosidl_typesupport_introspection_c.so[0m
[ 63%] Built target mocap_msgs__rosidl_typesupport_introspection_c
[ 65%] [32m[1mLinking CXX shared library libmocap_msgs__rosidl_typesupport_cpp.so[0m
[ 65%] Built target mocap_msgs__rosidl_typesupport_cpp
[ 66%] [32m[1mLinking CXX shared library libmocap_msgs__rosidl_typesupport_introspection_cpp.so[0m
[ 66%] Built target mocap_msgs__rosidl_typesupport_introspection_cpp
[ 68%] [32m[1mLinking CXX shared library libmocap_msgs__rosidl_typesupport_fastrtps_cpp.so[0m
[ 68%] Built target mocap_msgs__rosidl_typesupport_fastrtps_cpp
[ 69%] [34m[1mGenerating C type support for eProsima Fast-RTPS[0m
[35m[1mScanning dependencies of target mocap_msgs__rosidl_typesupport_fastrtps_c[0m
[ 73%] [32mBuilding CXX object CMakeFiles/mocap_msgs__rosidl_typesupport_fastrtps_c.dir/rosidl_typesupport_fastrtps_c/mocap_msgs/msg/detail/markers__type_support_c.cpp.o[0m
[ 73%] [32mBuilding CXX object CMakeFiles/mocap_msgs__rosidl_typesupport_fastrtps_c.dir/rosidl_typesupport_fastrtps_c/mocap_msgs/msg/detail/marker__type_support_c.cpp.o[0m
[ 74%] [32mBuilding CXX object CMakeFiles/mocap_msgs__rosidl_typesupport_fastrtps_c.dir/rosidl_typesupport_fastrtps_c/mocap_msgs/msg/detail/imus_info__type_support_c.cpp.o[0m
[ 76%] [32mBuilding CXX object CMakeFiles/mocap_msgs__rosidl_typesupport_fastrtps_c.dir/rosidl_typesupport_fastrtps_c/mocap_msgs/msg/detail/rigid_body__type_support_c.cpp.o[0m
[ 77%] [32mBuilding CXX object CMakeFiles/mocap_msgs__rosidl_typesupport_fastrtps_c.dir/rosidl_typesupport_fastrtps_c/mocap_msgs/msg/detail/rigid_bodies__type_support_c.cpp.o[0m
[ 79%] [32m[1mLinking CXX shared library libmocap_msgs__rosidl_typesupport_fastrtps_c.so[0m
[ 79%] Built target mocap_msgs__rosidl_typesupport_fastrtps_c
[35m[1mScanning dependencies of target mocap_msgs[0m
[ 79%] Built target mocap_msgs
[35m[1mScanning dependencies of target mocap_msgs__py[0m
[ 80%] [34m[1mGenerating Python code for ROS interfaces[0m
[ 80%] Built target mocap_msgs__py
[35m[1mScanning dependencies of target mocap_msgs__python[0m
[ 82%] [32mBuilding C object CMakeFiles/mocap_msgs__python.dir/rosidl_generator_py/mocap_msgs/msg/_marker_s.c.o[0m
[ 84%] [32mBuilding C object CMakeFiles/mocap_msgs__python.dir/rosidl_generator_py/mocap_msgs/msg/_markers_s.c.o[0m
[ 85%] [32mBuilding C object CMakeFiles/mocap_msgs__python.dir/rosidl_generator_py/mocap_msgs/msg/_imus_info_s.c.o[0m
[ 87%] [32mBuilding C object CMakeFiles/mocap_msgs__python.dir/rosidl_generator_py/mocap_msgs/msg/_rigid_body_s.c.o[0m
[ 88%] [32mBuilding C object CMakeFiles/mocap_msgs__python.dir/rosidl_generator_py/mocap_msgs/msg/_rigid_bodies_s.c.o[0m
[ 90%] [32m[1mLinking C shared library rosidl_generator_py/mocap_msgs/libmocap_msgs__python.so[0m
[ 90%] Built target mocap_msgs__python
[35m[1mScanning dependencies of target mocap_msgs__rosidl_typesupport_c__pyext[0m
[35m[1mScanning dependencies of target mocap_msgs__rosidl_typesupport_introspection_c__pyext[0m
[35m[1mScanning dependencies of target mocap_msgs__rosidl_typesupport_fastrtps_c__pyext[0m
[ 93%] [32mBuilding C object CMakeFiles/mocap_msgs__rosidl_typesupport_c__pyext.dir/rosidl_generator_py/mocap_msgs/_mocap_msgs_s.ep.rosidl_typesupport_c.c.o[0m
[ 93%] [32mBuilding C object CMakeFiles/mocap_msgs__rosidl_typesupport_introspection_c__pyext.dir/rosidl_generator_py/mocap_msgs/_mocap_msgs_s.ep.rosidl_typesupport_introspection_c.c.o[0m
[ 95%] [32mBuilding C object CMakeFiles/mocap_msgs__rosidl_typesupport_fastrtps_c__pyext.dir/rosidl_generator_py/mocap_msgs/_mocap_msgs_s.ep.rosidl_typesupport_fastrtps_c.c.o[0m
[ 96%] [32m[1mLinking C shared library rosidl_generator_py/mocap_msgs/mocap_msgs_s__rosidl_typesupport_introspection_c.cpython-38-x86_64-linux-gnu.so[0m
[ 98%] [32m[1mLinking C shared library rosidl_generator_py/mocap_msgs/mocap_msgs_s__rosidl_typesupport_c.cpython-38-x86_64-linux-gnu.so[0m
[100%] [32m[1mLinking CXX shared library rosidl_generator_py/mocap_msgs/mocap_msgs_s__rosidl_typesupport_fastrtps_c.cpython-38-x86_64-linux-gnu.so[0m
[100%] Built target mocap_msgs__rosidl_typesupport_c__pyext
[100%] Built target mocap_msgs__rosidl_typesupport_introspection_c__pyext
[100%] Built target mocap_msgs__rosidl_typesupport_fastrtps_c__pyext
-- Install configuration: ""
-- Execute custom install script
-- Symlinking: /home/factslabegmc/final_blimp_ws/install/mocap_msgs/share/ament_index/resource_index/rosidl_interfaces/mocap_msgs
-- Symlinking: /home/factslabegmc/final_blimp_ws/install/mocap_msgs/include/mocap_msgs/msg/detail/imus_info__functions.h
-- Symlinking: /home/factslabegmc/final_blimp_ws/install/mocap_msgs/include/mocap_msgs/msg/detail/imus_info__struct.h
-- Symlinking: /home/factslabegmc/final_blimp_ws/install/mocap_msgs/include/mocap_msgs/msg/detail/imus_info__type_support.h
-- Symlinking: /home/factslabegmc/final_blimp_ws/install/mocap_msgs/include/mocap_msgs/msg/detail/marker__functions.h
-- Symlinking: /home/factslabegmc/final_blimp_ws/install/mocap_msgs/include/mocap_msgs/msg/detail/marker__struct.h
-- Symlinking: /home/factslabegmc/final_blimp_ws/install/mocap_msgs/include/mocap_msgs/msg/detail/marker__type_support.h
-- Symlinking: /home/factslabegmc/final_blimp_ws/install/mocap_msgs/include/mocap_msgs/msg/detail/markers__functions.h
-- Symlinking: /home/factslabegmc/final_blimp_ws/install/mocap_msgs/include/mocap_msgs/msg/detail/markers__struct.h
-- Symlinking: /home/factslabegmc/final_blimp_ws/install/mocap_msgs/include/mocap_msgs/msg/detail/markers__type_support.h
-- Symlinking: /home/factslabegmc/final_blimp_ws/install/mocap_msgs/include/mocap_msgs/msg/detail/rigid_bodies__functions.h
-- Symlinking: /home/factslabegmc/final_blimp_ws/install/mocap_msgs/include/mocap_msgs/msg/detail/rigid_bodies__struct.h
-- Symlinking: /home/factslabegmc/final_blimp_ws/install/mocap_msgs/include/mocap_msgs/msg/detail/rigid_bodies__type_support.h
-- Symlinking: /home/factslabegmc/final_blimp_ws/install/mocap_msgs/include/mocap_msgs/msg/detail/rigid_body__functions.h
-- Symlinking: /home/factslabegmc/final_blimp_ws/install/mocap_msgs/include/mocap_msgs/msg/detail/rigid_body__struct.h
-- Symlinking: /home/factslabegmc/final_blimp_ws/install/mocap_msgs/include/mocap_msgs/msg/detail/rigid_body__type_support.h
-- Symlinking: /home/factslabegmc/final_blimp_ws/install/mocap_msgs/include/mocap_msgs/msg/imus_info.h
-- Symlinking: /home/factslabegmc/final_blimp_ws/install/mocap_msgs/include/mocap_msgs/msg/marker.h
-- Symlinking: /home/factslabegmc/final_blimp_ws/install/mocap_msgs/include/mocap_msgs/msg/markers.h
-- Symlinking: /home/factslabegmc/final_blimp_ws/install/mocap_msgs/include/mocap_msgs/msg/rigid_bodies.h
-- Symlinking: /home/factslabegmc/final_blimp_ws/install/mocap_msgs/include/mocap_msgs/msg/rigid_body.h
-- Symlinking: /home/factslabegmc/final_blimp_ws/install/mocap_msgs/include/mocap_msgs/msg/rosidl_generator_c__visibility_control.h
-- Symlinking: /home/factslabegmc/final_blimp_ws/install/mocap_msgs/share/mocap_msgs/environment/library_path.sh
-- Symlinking: /home/factslabegmc/final_blimp_ws/install/mocap_msgs/share/mocap_msgs/environment/library_path.dsv
-- Symlinking: /home/factslabegmc/final_blimp_ws/install/mocap_msgs/include/mocap_msgs/msg/detail/imus_info__rosidl_typesupport_fastrtps_c.h
-- Symlinking: /home/factslabegmc/final_blimp_ws/install/mocap_msgs/include/mocap_msgs/msg/detail/marker__rosidl_typesupport_fastrtps_c.h
-- Symlinking: /home/factslabegmc/final_blimp_ws/install/mocap_msgs/include/mocap_msgs/msg/detail/markers__rosidl_typesupport_fastrtps_c.h
-- Symlinking: /home/factslabegmc/final_blimp_ws/install/mocap_msgs/include/mocap_msgs/msg/detail/rigid_bodies__rosidl_typesupport_fastrtps_c.h
-- Symlinking: /home/factslabegmc/final_blimp_ws/install/mocap_msgs/include/mocap_msgs/msg/detail/rigid_body__rosidl_typesupport_fastrtps_c.h
-- Symlinking: /home/factslabegmc/final_blimp_ws/install/mocap_msgs/include/mocap_msgs/msg/rosidl_typesupport_fastrtps_c__visibility_control.h
-- Symlinking: /home/factslabegmc/final_blimp_ws/install/mocap_msgs/lib/libmocap_msgs__rosidl_typesupport_fastrtps_c.so
-- Symlinking: /home/factslabegmc/final_blimp_ws/install/mocap_msgs/include/mocap_msgs/msg/detail/imus_info__rosidl_typesupport_fastrtps_cpp.hpp
-- Symlinking: /home/factslabegmc/final_blimp_ws/install/mocap_msgs/include/mocap_msgs/msg/detail/marker__rosidl_typesupport_fastrtps_cpp.hpp
-- Symlinking: /home/factslabegmc/final_blimp_ws/install/mocap_msgs/include/mocap_msgs/msg/detail/markers__rosidl_typesupport_fastrtps_cpp.hpp
-- Symlinking: /home/factslabegmc/final_blimp_ws/install/mocap_msgs/include/mocap_msgs/msg/detail/rigid_bodies__rosidl_typesupport_fastrtps_cpp.hpp
-- Symlinking: /home/factslabegmc/final_blimp_ws/install/mocap_msgs/include/mocap_msgs/msg/detail/rigid_body__rosidl_typesupport_fastrtps_cpp.hpp
-- Symlinking: /home/factslabegmc/final_blimp_ws/install/mocap_msgs/include/mocap_msgs/msg/rosidl_typesupport_fastrtps_cpp__visibility_control.h
-- Symlinking: /home/factslabegmc/final_blimp_ws/install/mocap_msgs/lib/libmocap_msgs__rosidl_typesupport_fastrtps_cpp.so
-- Symlinking: /home/factslabegmc/final_blimp_ws/install/mocap_msgs/include/mocap_msgs/msg/detail/imus_info__rosidl_typesupport_introspection_c.h
-- Symlinking: /home/factslabegmc/final_blimp_ws/install/mocap_msgs/include/mocap_msgs/msg/detail/marker__rosidl_typesupport_introspection_c.h
-- Symlinking: /home/factslabegmc/final_blimp_ws/install/mocap_msgs/include/mocap_msgs/msg/detail/markers__rosidl_typesupport_introspection_c.h
-- Symlinking: /home/factslabegmc/final_blimp_ws/install/mocap_msgs/include/mocap_msgs/msg/detail/rigid_bodies__rosidl_typesupport_introspection_c.h
-- Symlinking: /home/factslabegmc/final_blimp_ws/install/mocap_msgs/include/mocap_msgs/msg/detail/rigid_body__rosidl_typesupport_introspection_c.h
-- Symlinking: /home/factslabegmc/final_blimp_ws/install/mocap_msgs/include/mocap_msgs/msg/rosidl_typesupport_introspection_c__visibility_control.h
-- Symlinking: /home/factslabegmc/final_blimp_ws/install/mocap_msgs/include/mocap_msgs/msg/detail/imus_info__builder.hpp
-- Symlinking: /home/factslabegmc/final_blimp_ws/install/mocap_msgs/include/mocap_msgs/msg/detail/imus_info__struct.hpp
-- Symlinking: /home/factslabegmc/final_blimp_ws/install/mocap_msgs/include/mocap_msgs/msg/detail/imus_info__traits.hpp
-- Symlinking: /home/factslabegmc/final_blimp_ws/install/mocap_msgs/include/mocap_msgs/msg/detail/marker__builder.hpp
-- Symlinking: /home/factslabegmc/final_blimp_ws/install/mocap_msgs/include/mocap_msgs/msg/detail/marker__struct.hpp
-- Symlinking: /home/factslabegmc/final_blimp_ws/install/mocap_msgs/include/mocap_msgs/msg/detail/marker__traits.hpp
-- Symlinking: /home/factslabegmc/final_blimp_ws/install/mocap_msgs/include/mocap_msgs/msg/detail/markers__builder.hpp
-- Symlinking: /home/factslabegmc/final_blimp_ws/install/mocap_msgs/include/mocap_msgs/msg/detail/markers__struct.hpp
-- Symlinking: /home/factslabegmc/final_blimp_ws/install/mocap_msgs/include/mocap_msgs/msg/detail/markers__traits.hpp
-- Symlinking: /home/factslabegmc/final_blimp_ws/install/mocap_msgs/include/mocap_msgs/msg/detail/rigid_bodies__builder.hpp
-- Symlinking: /home/factslabegmc/final_blimp_ws/install/mocap_msgs/include/mocap_msgs/msg/detail/rigid_bodies__struct.hpp
-- Symlinking: /home/factslabegmc/final_blimp_ws/install/mocap_msgs/include/mocap_msgs/msg/detail/rigid_bodies__traits.hpp
-- Symlinking: /home/factslabegmc/final_blimp_ws/install/mocap_msgs/include/mocap_msgs/msg/detail/rigid_body__builder.hpp
-- Symlinking: /home/factslabegmc/final_blimp_ws/install/mocap_msgs/include/mocap_msgs/msg/detail/rigid_body__struct.hpp
-- Symlinking: /home/factslabegmc/final_blimp_ws/install/mocap_msgs/include/mocap_msgs/msg/detail/rigid_body__traits.hpp
-- Symlinking: /home/factslabegmc/final_blimp_ws/install/mocap_msgs/include/mocap_msgs/msg/imus_info.hpp
-- Symlinking: /home/factslabegmc/final_blimp_ws/install/mocap_msgs/include/mocap_msgs/msg/marker.hpp
-- Symlinking: /home/factslabegmc/final_blimp_ws/install/mocap_msgs/include/mocap_msgs/msg/markers.hpp
-- Symlinking: /home/factslabegmc/final_blimp_ws/install/mocap_msgs/include/mocap_msgs/msg/rigid_bodies.hpp
-- Symlinking: /home/factslabegmc/final_blimp_ws/install/mocap_msgs/include/mocap_msgs/msg/rigid_body.hpp
-- Symlinking: /home/factslabegmc/final_blimp_ws/install/mocap_msgs/include/mocap_msgs/msg/detail/imus_info__rosidl_typesupport_introspection_cpp.hpp
-- Symlinking: /home/factslabegmc/final_blimp_ws/install/mocap_msgs/include/mocap_msgs/msg/detail/marker__rosidl_typesupport_introspection_cpp.hpp
-- Symlinking: /home/factslabegmc/final_blimp_ws/install/mocap_msgs/include/mocap_msgs/msg/detail/markers__rosidl_typesupport_introspection_cpp.hpp
-- Symlinking: /home/factslabegmc/final_blimp_ws/install/mocap_msgs/include/mocap_msgs/msg/detail/rigid_bodies__rosidl_typesupport_introspection_cpp.hpp
-- Symlinking: /home/factslabegmc/final_blimp_ws/install/mocap_msgs/include/mocap_msgs/msg/detail/rigid_body__rosidl_typesupport_introspection_cpp.hpp
-- Symlinking: /home/factslabegmc/final_blimp_ws/install/mocap_msgs/share/mocap_msgs/environment/pythonpath.sh
-- Symlinking: /home/factslabegmc/final_blimp_ws/install/mocap_msgs/share/mocap_msgs/environment/pythonpath.dsv
-- Symlinking: /home/factslabegmc/final_blimp_ws/install/mocap_msgs/lib/python3.8/site-packages/mocap_msgs/__init__.py
-- Symlinking: /home/factslabegmc/final_blimp_ws/install/mocap_msgs/lib/python3.8/site-packages/mocap_msgs/msg/__init__.py
-- Symlinking: /home/factslabegmc/final_blimp_ws/install/mocap_msgs/lib/python3.8/site-packages/mocap_msgs/msg/_imus_info.py
-- Symlinking: /home/factslabegmc/final_blimp_ws/install/mocap_msgs/lib/python3.8/site-packages/mocap_msgs/msg/_marker.py
-- Symlinking: /home/factslabegmc/final_blimp_ws/install/mocap_msgs/lib/python3.8/site-packages/mocap_msgs/msg/_markers.py
-- Symlinking: /home/factslabegmc/final_blimp_ws/install/mocap_msgs/lib/python3.8/site-packages/mocap_msgs/msg/_rigid_bodies.py
-- Symlinking: /home/factslabegmc/final_blimp_ws/install/mocap_msgs/lib/python3.8/site-packages/mocap_msgs/msg/_rigid_body.py
-- Symlinking: /home/factslabegmc/final_blimp_ws/install/mocap_msgs/lib/python3.8/site-packages/mocap_msgs/mocap_msgs_s__rosidl_typesupport_fastrtps_c.cpython-38-x86_64-linux-gnu.so
-- Symlinking: /home/factslabegmc/final_blimp_ws/install/mocap_msgs/lib/python3.8/site-packages/mocap_msgs/mocap_msgs_s__rosidl_typesupport_introspection_c.cpython-38-x86_64-linux-gnu.so
-- Symlinking: /home/factslabegmc/final_blimp_ws/install/mocap_msgs/lib/python3.8/site-packages/mocap_msgs/mocap_msgs_s__rosidl_typesupport_c.cpython-38-x86_64-linux-gnu.so
-- Symlinking: /home/factslabegmc/final_blimp_ws/install/mocap_msgs/lib/libmocap_msgs__python.so
-- Symlinking: /home/factslabegmc/final_blimp_ws/install/mocap_msgs/share/mocap_msgs/msg/Marker.idl
-- Symlinking: /home/factslabegmc/final_blimp_ws/install/mocap_msgs/share/mocap_msgs/msg/Markers.idl
-- Symlinking: /home/factslabegmc/final_blimp_ws/install/mocap_msgs/share/mocap_msgs/msg/ImusInfo.idl
-- Symlinking: /home/factslabegmc/final_blimp_ws/install/mocap_msgs/share/mocap_msgs/msg/RigidBody.idl
-- Symlinking: /home/factslabegmc/final_blimp_ws/install/mocap_msgs/share/mocap_msgs/msg/RigidBodies.idl
-- Symlinking: /home/factslabegmc/final_blimp_ws/install/mocap_msgs/share/mocap_msgs/msg/Marker.msg
-- Symlinking: /home/factslabegmc/final_blimp_ws/install/mocap_msgs/share/mocap_msgs/msg/Markers.msg
-- Symlinking: /home/factslabegmc/final_blimp_ws/install/mocap_msgs/share/mocap_msgs/msg/ImusInfo.msg
-- Symlinking: /home/factslabegmc/final_blimp_ws/install/mocap_msgs/share/mocap_msgs/msg/RigidBody.msg
-- Symlinking: /home/factslabegmc/final_blimp_ws/install/mocap_msgs/share/mocap_msgs/msg/RigidBodies.msg
-- Symlinking: /home/factslabegmc/final_blimp_ws/install/mocap_msgs/share/mocap_msgs/mocap_bridge_mapping_rule.yaml
-- Symlinking: /home/factslabegmc/final_blimp_ws/install/mocap_msgs/share/ament_index/resource_index/package_run_dependencies/mocap_msgs
-- Symlinking: /home/factslabegmc/final_blimp_ws/install/mocap_msgs/share/ament_index/resource_index/parent_prefix_path/mocap_msgs
-- Symlinking: /home/factslabegmc/final_blimp_ws/install/mocap_msgs/share/mocap_msgs/environment/ament_prefix_path.sh
-- Symlinking: /home/factslabegmc/final_blimp_ws/install/mocap_msgs/share/mocap_msgs/environment/ament_prefix_path.dsv
-- Symlinking: /home/factslabegmc/final_blimp_ws/install/mocap_msgs/share/mocap_msgs/environment/path.sh
-- Symlinking: /home/factslabegmc/final_blimp_ws/install/mocap_msgs/share/mocap_msgs/environment/path.dsv
-- Symlinking: /home/factslabegmc/final_blimp_ws/install/mocap_msgs/share/mocap_msgs/local_setup.bash
-- Symlinking: /home/factslabegmc/final_blimp_ws/install/mocap_msgs/share/mocap_msgs/local_setup.sh
-- Symlinking: /home/factslabegmc/final_blimp_ws/install/mocap_msgs/share/mocap_msgs/local_setup.zsh
-- Symlinking: /home/factslabegmc/final_blimp_ws/install/mocap_msgs/share/mocap_msgs/local_setup.dsv
-- Symlinking: /home/factslabegmc/final_blimp_ws/install/mocap_msgs/share/mocap_msgs/package.dsv
-- Symlinking: /home/factslabegmc/final_blimp_ws/install/mocap_msgs/share/ament_index/resource_index/packages/mocap_msgs
-- Symlinking: /home/factslabegmc/final_blimp_ws/install/mocap_msgs/share/mocap_msgs/cmake/rosidl_cmake-extras.cmake
-- Symlinking: /home/factslabegmc/final_blimp_ws/install/mocap_msgs/share/mocap_msgs/cmake/ament_cmake_export_dependencies-extras.cmake
-- Symlinking: /home/factslabegmc/final_blimp_ws/install/mocap_msgs/share/mocap_msgs/cmake/ament_cmake_export_libraries-extras.cmake
-- Symlinking: /home/factslabegmc/final_blimp_ws/install/mocap_msgs/share/mocap_msgs/cmake/ament_cmake_export_targets-extras.cmake
-- Symlinking: /home/factslabegmc/final_blimp_ws/install/mocap_msgs/share/mocap_msgs/cmake/ament_cmake_export_include_directories-extras.cmake
-- Symlinking: /home/factslabegmc/final_blimp_ws/install/mocap_msgs/share/mocap_msgs/cmake/rosidl_cmake_export_typesupport_libraries-extras.cmake
-- Symlinking: /home/factslabegmc/final_blimp_ws/install/mocap_msgs/share/mocap_msgs/cmake/rosidl_cmake_export_typesupport_targets-extras.cmake
-- Symlinking: /home/factslabegmc/final_blimp_ws/install/mocap_msgs/share/mocap_msgs/cmake/mocap_msgsConfig.cmake
-- Symlinking: /home/factslabegmc/final_blimp_ws/install/mocap_msgs/share/mocap_msgs/cmake/mocap_msgsConfig-version.cmake
-- Symlinking: /home/factslabegmc/final_blimp_ws/install/mocap_msgs/share/mocap_msgs/package.xml
-- Installing: /home/factslabegmc/final_blimp_ws/install/mocap_msgs/lib/libmocap_msgs__rosidl_generator_c.so
-- Set runtime path of "/home/factslabegmc/final_blimp_ws/install/mocap_msgs/lib/libmocap_msgs__rosidl_generator_c.so" to ""
-- Installing: /home/factslabegmc/final_blimp_ws/install/mocap_msgs/lib/libmocap_msgs__rosidl_typesupport_introspection_c.so
-- Set runtime path of "/home/factslabegmc/final_blimp_ws/install/mocap_msgs/lib/libmocap_msgs__rosidl_typesupport_introspection_c.so" to ""
-- Installing: /home/factslabegmc/final_blimp_ws/install/mocap_msgs/lib/libmocap_msgs__rosidl_typesupport_c.so
-- Set runtime path of "/home/factslabegmc/final_blimp_ws/install/mocap_msgs/lib/libmocap_msgs__rosidl_typesupport_c.so" to ""
-- Installing: /home/factslabegmc/final_blimp_ws/install/mocap_msgs/lib/libmocap_msgs__rosidl_typesupport_introspection_cpp.so
-- Set runtime path of "/home/factslabegmc/final_blimp_ws/install/mocap_msgs/lib/libmocap_msgs__rosidl_typesupport_introspection_cpp.so" to ""
-- Installing: /home/factslabegmc/final_blimp_ws/install/mocap_msgs/lib/libmocap_msgs__rosidl_typesupport_cpp.so
-- Set runtime path of "/home/factslabegmc/final_blimp_ws/install/mocap_msgs/lib/libmocap_msgs__rosidl_typesupport_cpp.so" to ""
Compiling '/home/factslabegmc/final_blimp_ws/install/mocap_msgs/lib/python3.8/site-packages/mocap_msgs/__init__.py'...
-- Installing: /home/factslabegmc/final_blimp_ws/install/mocap_msgs/share/mocap_msgs/cmake/mocap_msgs__rosidl_generator_cExport.cmake
-- Installing: /home/factslabegmc/final_blimp_ws/install/mocap_msgs/share/mocap_msgs/cmake/mocap_msgs__rosidl_generator_cExport-noconfig.cmake
-- Installing: /home/factslabegmc/final_blimp_ws/install/mocap_msgs/share/mocap_msgs/cmake/mocap_msgs__rosidl_typesupport_introspection_cExport.cmake
-- Installing: /home/factslabegmc/final_blimp_ws/install/mocap_msgs/share/mocap_msgs/cmake/mocap_msgs__rosidl_typesupport_introspection_cExport-noconfig.cmake
-- Installing: /home/factslabegmc/final_blimp_ws/install/mocap_msgs/share/mocap_msgs/cmake/mocap_msgs__rosidl_typesupport_cExport.cmake
-- Installing: /home/factslabegmc/final_blimp_ws/install/mocap_msgs/share/mocap_msgs/cmake/mocap_msgs__rosidl_typesupport_cExport-noconfig.cmake
-- Installing: /home/factslabegmc/final_blimp_ws/install/mocap_msgs/share/mocap_msgs/cmake/mocap_msgs__rosidl_generator_cppExport.cmake
-- Installing: /home/factslabegmc/final_blimp_ws/install/mocap_msgs/share/mocap_msgs/cmake/mocap_msgs__rosidl_typesupport_introspection_cppExport.cmake
-- Installing: /home/factslabegmc/final_blimp_ws/install/mocap_msgs/share/mocap_msgs/cmake/mocap_msgs__rosidl_typesupport_introspection_cppExport-noconfig.cmake
-- Installing: /home/factslabegmc/final_blimp_ws/install/mocap_msgs/share/mocap_msgs/cmake/mocap_msgs__rosidl_typesupport_cppExport.cmake
-- Installing: /home/factslabegmc/final_blimp_ws/install/mocap_msgs/share/mocap_msgs/cmake/mocap_msgs__rosidl_typesupport_cppExport-noconfig.cmake
