[0.864s] Invoking command in '/home/factslabegmc/final_blimp_ws/build/mocap_msgs': CMAKE_PREFIX_PATH=${CMAKE_PREFIX_PATH}:/home/factslabegmc/final_blimp_ws/src/install/blimp_node_2:/home/factslabegmc/final_blimp_ws/src/install/blimp_mpc_ros:/home/factslabegmc/final_blimp_ws/install/blimp_node_2:/home/factslabegmc/final_blimp_ws/install/blimp_mpc_ros:/opt/ros/galactic /usr/bin/cmake /home/factslabegmc/final_blimp_ws/src/mocap_msgs -DAMENT_CMAKE_SYMLINK_INSTALL=1 -DCMAKE_INSTALL_PREFIX=/home/factslabegmc/final_blimp_ws/install/mocap_msgs
[0.900s] -- The C compiler identification is GNU 9.4.0
[0.937s] -- The CXX compiler identification is GNU 9.4.0
[0.940s] -- Check for working C compiler: /usr/bin/cc
[0.988s] -- Check for working C compiler: /usr/bin/cc -- works
[0.989s] -- Detecting C compiler ABI info
[1.036s] -- Detecting C compiler ABI info - done
[1.043s] -- Detecting C compile features
[1.043s] -- Detecting C compile features - done
[1.045s] -- Check for working CXX compiler: /usr/bin/c++
[1.102s] -- Check for working CXX compiler: /usr/bin/c++ -- works
[1.103s] -- Detecting CXX compiler ABI info
[1.155s] -- Detecting CXX compiler ABI info - done
[1.162s] -- Detecting CXX compile features
[1.162s] -- Detecting CXX compile features - done
[1.164s] -- Found ament_cmake: 1.1.6 (/opt/ros/galactic/share/ament_cmake/cmake)
[1.187s] -- Found PythonInterp: /usr/bin/python3 (found suitable version "3.8.10", minimum required is "3") 
[1.187s] -- Using PYTHON_EXECUTABLE: /usr/bin/python3
[1.228s] -- Override CMake install command with custom implementation using symlinks instead of copying resources
[1.251s] -- Found rosidl_default_generators: 1.1.1 (/opt/ros/galactic/share/rosidl_default_generators/cmake)
[1.255s] -- Using all available rosidl_typesupport_c: rosidl_typesupport_fastrtps_c;rosidl_typesupport_introspection_c
[1.261s] -- Found rosidl_adapter: 2.2.3 (/opt/ros/galactic/share/rosidl_adapter/cmake)
[1.337s] -- Found OpenSSL: /usr/lib/x86_64-linux-gnu/libcrypto.so (found version "1.1.1f")  
[1.358s] -- Found FastRTPS: /opt/ros/galactic/include  
[1.419s] -- Using all available rosidl_typesupport_cpp: rosidl_typesupport_fastrtps_cpp;rosidl_typesupport_introspection_cpp
[1.439s] -- Found builtin_interfaces: 1.0.3 (/opt/ros/galactic/share/builtin_interfaces/cmake)
[1.449s] -- Found std_msgs: 2.2.4 (/opt/ros/galactic/share/std_msgs/cmake)
[1.462s] -- Found geometry_msgs: 2.2.4 (/opt/ros/galactic/share/geometry_msgs/cmake)
[1.506s] -- Found PythonInterp: /usr/bin/python3 (found version "3.8.10") 
[1.635s] -- Found ament_cmake_ros: 0.9.2 (/opt/ros/galactic/share/ament_cmake_ros/cmake)
[1.795s] -- Using all available rosidl_typesupport_c: rosidl_typesupport_fastrtps_c;rosidl_typesupport_introspection_c
[1.858s] -- Using all available rosidl_typesupport_cpp: rosidl_typesupport_fastrtps_cpp;rosidl_typesupport_introspection_cpp
[1.882s] -- Found PythonInterp: /usr/bin/python3 (found suitable version "3.8.10", minimum required is "3.5") 
[1.883s] -- Found python_cmake_module: 0.8.1 (/opt/ros/galactic/share/python_cmake_module/cmake)
[1.906s] -- Found PythonLibs: /usr/lib/x86_64-linux-gnu/libpython3.8.so (found suitable version "3.8.10", minimum required is "3.5") 
[1.906s] -- Using PYTHON_EXECUTABLE: /usr/bin/python3
[1.906s] -- Using PYTHON_INCLUDE_DIRS: /usr/include/python3.8
[1.906s] -- Using PYTHON_LIBRARIES: /usr/lib/x86_64-linux-gnu/libpython3.8.so
[1.925s] -- Found PythonExtra: .so  
[2.114s] -- Configuring done
[2.152s] -- Generating done
[2.154s] -- Build files have been written to: /home/factslabegmc/final_blimp_ws/build/mocap_msgs
[2.160s] Invoked command in '/home/factslabegmc/final_blimp_ws/build/mocap_msgs' returned '0': CMAKE_PREFIX_PATH=${CMAKE_PREFIX_PATH}:/home/factslabegmc/final_blimp_ws/src/install/blimp_node_2:/home/factslabegmc/final_blimp_ws/src/install/blimp_mpc_ros:/home/factslabegmc/final_blimp_ws/install/blimp_node_2:/home/factslabegmc/final_blimp_ws/install/blimp_mpc_ros:/opt/ros/galactic /usr/bin/cmake /home/factslabegmc/final_blimp_ws/src/mocap_msgs -DAMENT_CMAKE_SYMLINK_INSTALL=1 -DCMAKE_INSTALL_PREFIX=/home/factslabegmc/final_blimp_ws/install/mocap_msgs
[2.161s] Invoking command in '/home/factslabegmc/final_blimp_ws/build/mocap_msgs': CMAKE_PREFIX_PATH=${CMAKE_PREFIX_PATH}:/home/factslabegmc/final_blimp_ws/src/install/blimp_node_2:/home/factslabegmc/final_blimp_ws/src/install/blimp_mpc_ros:/home/factslabegmc/final_blimp_ws/install/blimp_node_2:/home/factslabegmc/final_blimp_ws/install/blimp_mpc_ros:/opt/ros/galactic /usr/bin/cmake --build /home/factslabegmc/final_blimp_ws/build/mocap_msgs -- -j20 -l20
[2.186s] [35m[1mScanning dependencies of target mocap_msgs__cpp[0m
[2.186s] [  1%] [34m[1mGenerating C code for ROS interfaces[0m
[2.192s] [  3%] [34m[1mGenerating C++ code for ROS interfaces[0m
[2.409s] [  3%] Built target mocap_msgs__cpp
[2.419s] [  4%] [34m[1mGenerating C++ introspection for ROS interfaces[0m
[2.419s] [  6%] [34m[1mGenerating C++ type support dispatch for ROS interfaces[0m
[2.421s] [  7%] [34m[1mGenerating C++ type support for eProsima Fast-RTPS[0m
[2.427s] [35m[1mScanning dependencies of target mocap_msgs__rosidl_generator_c[0m
[2.437s] [  9%] [32mBuilding C object CMakeFiles/mocap_msgs__rosidl_generator_c.dir/rosidl_generator_c/mocap_msgs/msg/detail/marker__functions.c.o[0m
[2.437s] [ 11%] [32mBuilding C object CMakeFiles/mocap_msgs__rosidl_generator_c.dir/rosidl_generator_c/mocap_msgs/msg/detail/markers__functions.c.o[0m
[2.437s] [ 12%] [32mBuilding C object CMakeFiles/mocap_msgs__rosidl_generator_c.dir/rosidl_generator_c/mocap_msgs/msg/detail/imus_info__functions.c.o[0m
[2.441s] [ 15%] [32mBuilding C object CMakeFiles/mocap_msgs__rosidl_generator_c.dir/rosidl_generator_c/mocap_msgs/msg/detail/rigid_body__functions.c.o[0m
[2.441s] [ 15%] [32mBuilding C object CMakeFiles/mocap_msgs__rosidl_generator_c.dir/rosidl_generator_c/mocap_msgs/msg/detail/rigid_bodies__functions.c.o[0m
[2.478s] [ 17%] [32m[1mLinking C shared library libmocap_msgs__rosidl_generator_c.so[0m
[2.509s] [ 17%] Built target mocap_msgs__rosidl_generator_c
[2.518s] [ 20%] [34m[1mGenerating C type support dispatch for ROS interfaces[0m
[2.518s] [ 20%] [34m[1mGenerating C introspection for ROS interfaces[0m
[2.612s] [35m[1mScanning dependencies of target mocap_msgs__rosidl_typesupport_cpp[0m
[2.626s] [ 22%] [32mBuilding CXX object CMakeFiles/mocap_msgs__rosidl_typesupport_cpp.dir/rosidl_typesupport_cpp/mocap_msgs/msg/rigid_body__type_support.cpp.o[0m
[2.626s] [ 23%] [32mBuilding CXX object CMakeFiles/mocap_msgs__rosidl_typesupport_cpp.dir/rosidl_typesupport_cpp/mocap_msgs/msg/marker__type_support.cpp.o[0m
[2.626s] [ 25%] [32mBuilding CXX object CMakeFiles/mocap_msgs__rosidl_typesupport_cpp.dir/rosidl_typesupport_cpp/mocap_msgs/msg/markers__type_support.cpp.o[0m
[2.628s] [ 26%] [32mBuilding CXX object CMakeFiles/mocap_msgs__rosidl_typesupport_cpp.dir/rosidl_typesupport_cpp/mocap_msgs/msg/imus_info__type_support.cpp.o[0m
[2.629s] [ 28%] [32mBuilding CXX object CMakeFiles/mocap_msgs__rosidl_typesupport_cpp.dir/rosidl_typesupport_cpp/mocap_msgs/msg/rigid_bodies__type_support.cpp.o[0m
[2.635s] [35m[1mScanning dependencies of target mocap_msgs__rosidl_typesupport_introspection_cpp[0m
[2.650s] [ 30%] [32mBuilding CXX object CMakeFiles/mocap_msgs__rosidl_typesupport_introspection_cpp.dir/rosidl_typesupport_introspection_cpp/mocap_msgs/msg/detail/marker__type_support.cpp.o[0m
[2.653s] [ 31%] [32mBuilding CXX object CMakeFiles/mocap_msgs__rosidl_typesupport_introspection_cpp.dir/rosidl_typesupport_introspection_cpp/mocap_msgs/msg/detail/imus_info__type_support.cpp.o[0m
[2.653s] [ 33%] [32mBuilding CXX object CMakeFiles/mocap_msgs__rosidl_typesupport_introspection_cpp.dir/rosidl_typesupport_introspection_cpp/mocap_msgs/msg/detail/rigid_body__type_support.cpp.o[0m
[2.655s] [ 34%] [32mBuilding CXX object CMakeFiles/mocap_msgs__rosidl_typesupport_introspection_cpp.dir/rosidl_typesupport_introspection_cpp/mocap_msgs/msg/detail/rigid_bodies__type_support.cpp.o[0m
[2.661s] [35m[1mScanning dependencies of target mocap_msgs__rosidl_typesupport_fastrtps_cpp[0m
[2.663s] [ 36%] [32mBuilding CXX object CMakeFiles/mocap_msgs__rosidl_typesupport_introspection_cpp.dir/rosidl_typesupport_introspection_cpp/mocap_msgs/msg/detail/markers__type_support.cpp.o[0m
[2.681s] [ 38%] [32mBuilding CXX object CMakeFiles/mocap_msgs__rosidl_typesupport_fastrtps_cpp.dir/rosidl_typesupport_fastrtps_cpp/mocap_msgs/msg/detail/dds_fastrtps/marker__type_support.cpp.o[0m
[2.681s] [ 41%] [32mBuilding CXX object CMakeFiles/mocap_msgs__rosidl_typesupport_fastrtps_cpp.dir/rosidl_typesupport_fastrtps_cpp/mocap_msgs/msg/detail/dds_fastrtps/rigid_body__type_support.cpp.o[0m
[2.681s] [ 41%] [32mBuilding CXX object CMakeFiles/mocap_msgs__rosidl_typesupport_fastrtps_cpp.dir/rosidl_typesupport_fastrtps_cpp/mocap_msgs/msg/detail/dds_fastrtps/markers__type_support.cpp.o[0m
[2.682s] [ 42%] [32mBuilding CXX object CMakeFiles/mocap_msgs__rosidl_typesupport_fastrtps_cpp.dir/rosidl_typesupport_fastrtps_cpp/mocap_msgs/msg/detail/dds_fastrtps/imus_info__type_support.cpp.o[0m
[2.682s] [ 44%] [32mBuilding CXX object CMakeFiles/mocap_msgs__rosidl_typesupport_fastrtps_cpp.dir/rosidl_typesupport_fastrtps_cpp/mocap_msgs/msg/detail/dds_fastrtps/rigid_bodies__type_support.cpp.o[0m
[2.719s] [35m[1mScanning dependencies of target mocap_msgs__rosidl_typesupport_c[0m
[2.735s] [ 47%] [32mBuilding CXX object CMakeFiles/mocap_msgs__rosidl_typesupport_c.dir/rosidl_typesupport_c/mocap_msgs/msg/markers__type_support.cpp.o[0m
[2.735s] [ 47%] [32mBuilding CXX object CMakeFiles/mocap_msgs__rosidl_typesupport_c.dir/rosidl_typesupport_c/mocap_msgs/msg/imus_info__type_support.cpp.o[0m
[2.736s] [ 49%] [32mBuilding CXX object CMakeFiles/mocap_msgs__rosidl_typesupport_c.dir/rosidl_typesupport_c/mocap_msgs/msg/marker__type_support.cpp.o[0m
[2.751s] [ 50%] [32mBuilding CXX object CMakeFiles/mocap_msgs__rosidl_typesupport_c.dir/rosidl_typesupport_c/mocap_msgs/msg/rigid_body__type_support.cpp.o[0m
[2.769s] [ 52%] [32mBuilding CXX object CMakeFiles/mocap_msgs__rosidl_typesupport_c.dir/rosidl_typesupport_c/mocap_msgs/msg/rigid_bodies__type_support.cpp.o[0m
[2.796s] [35m[1mScanning dependencies of target mocap_msgs__rosidl_typesupport_introspection_c[0m
[2.806s] [ 53%] [32m[1mLinking CXX shared library libmocap_msgs__rosidl_typesupport_c.so[0m
[2.811s] [ 55%] [32mBuilding C object CMakeFiles/mocap_msgs__rosidl_typesupport_introspection_c.dir/rosidl_typesupport_introspection_c/mocap_msgs/msg/detail/marker__type_support.c.o[0m
[2.811s] [ 57%] [32mBuilding C object CMakeFiles/mocap_msgs__rosidl_typesupport_introspection_c.dir/rosidl_typesupport_introspection_c/mocap_msgs/msg/detail/markers__type_support.c.o[0m
[2.812s] [ 58%] [32mBuilding C object CMakeFiles/mocap_msgs__rosidl_typesupport_introspection_c.dir/rosidl_typesupport_introspection_c/mocap_msgs/msg/detail/imus_info__type_support.c.o[0m
[2.821s] [ 60%] [32mBuilding C object CMakeFiles/mocap_msgs__rosidl_typesupport_introspection_c.dir/rosidl_typesupport_introspection_c/mocap_msgs/msg/detail/rigid_body__type_support.c.o[0m
[2.846s] [ 61%] [32mBuilding C object CMakeFiles/mocap_msgs__rosidl_typesupport_introspection_c.dir/rosidl_typesupport_introspection_c/mocap_msgs/msg/detail/rigid_bodies__type_support.c.o[0m
[2.862s] [ 61%] Built target mocap_msgs__rosidl_typesupport_c
[2.873s] [ 63%] [32m[1mLinking C shared library libmocap_msgs__rosidl_typesupport_introspection_c.so[0m
[2.902s] [ 63%] Built target mocap_msgs__rosidl_typesupport_introspection_c
[2.959s] [ 65%] [32m[1mLinking CXX shared library libmocap_msgs__rosidl_typesupport_cpp.so[0m
[2.994s] [ 65%] Built target mocap_msgs__rosidl_typesupport_cpp
[3.035s] [ 66%] [32m[1mLinking CXX shared library libmocap_msgs__rosidl_typesupport_introspection_cpp.so[0m
[3.089s] [ 66%] Built target mocap_msgs__rosidl_typesupport_introspection_cpp
[3.097s] [ 68%] [32m[1mLinking CXX shared library libmocap_msgs__rosidl_typesupport_fastrtps_cpp.so[0m
[3.153s] [ 68%] Built target mocap_msgs__rosidl_typesupport_fastrtps_cpp
[3.160s] [ 69%] [34m[1mGenerating C type support for eProsima Fast-RTPS[0m
[3.364s] [35m[1mScanning dependencies of target mocap_msgs__rosidl_typesupport_fastrtps_c[0m
[3.376s] [ 73%] [32mBuilding CXX object CMakeFiles/mocap_msgs__rosidl_typesupport_fastrtps_c.dir/rosidl_typesupport_fastrtps_c/mocap_msgs/msg/detail/markers__type_support_c.cpp.o[0m
[3.376s] [ 73%] [32mBuilding CXX object CMakeFiles/mocap_msgs__rosidl_typesupport_fastrtps_c.dir/rosidl_typesupport_fastrtps_c/mocap_msgs/msg/detail/marker__type_support_c.cpp.o[0m
[3.376s] [ 74%] [32mBuilding CXX object CMakeFiles/mocap_msgs__rosidl_typesupport_fastrtps_c.dir/rosidl_typesupport_fastrtps_c/mocap_msgs/msg/detail/imus_info__type_support_c.cpp.o[0m
[3.376s] [ 76%] [32mBuilding CXX object CMakeFiles/mocap_msgs__rosidl_typesupport_fastrtps_c.dir/rosidl_typesupport_fastrtps_c/mocap_msgs/msg/detail/rigid_body__type_support_c.cpp.o[0m
[3.376s] [ 77%] [32mBuilding CXX object CMakeFiles/mocap_msgs__rosidl_typesupport_fastrtps_c.dir/rosidl_typesupport_fastrtps_c/mocap_msgs/msg/detail/rigid_bodies__type_support_c.cpp.o[0m
[3.566s] [ 79%] [32m[1mLinking CXX shared library libmocap_msgs__rosidl_typesupport_fastrtps_c.so[0m
[3.619s] [ 79%] Built target mocap_msgs__rosidl_typesupport_fastrtps_c
[3.626s] [35m[1mScanning dependencies of target mocap_msgs[0m
[3.632s] [ 79%] Built target mocap_msgs
[3.638s] [35m[1mScanning dependencies of target mocap_msgs__py[0m
[3.645s] [ 80%] [34m[1mGenerating Python code for ROS interfaces[0m
[4.033s] [ 80%] Built target mocap_msgs__py
[4.039s] [35m[1mScanning dependencies of target mocap_msgs__python[0m
[4.054s] [ 82%] [32mBuilding C object CMakeFiles/mocap_msgs__python.dir/rosidl_generator_py/mocap_msgs/msg/_marker_s.c.o[0m
[4.054s] [ 84%] [32mBuilding C object CMakeFiles/mocap_msgs__python.dir/rosidl_generator_py/mocap_msgs/msg/_markers_s.c.o[0m
[4.055s] [ 85%] [32mBuilding C object CMakeFiles/mocap_msgs__python.dir/rosidl_generator_py/mocap_msgs/msg/_imus_info_s.c.o[0m
[4.055s] [ 87%] [32mBuilding C object CMakeFiles/mocap_msgs__python.dir/rosidl_generator_py/mocap_msgs/msg/_rigid_body_s.c.o[0m
[4.055s] [ 88%] [32mBuilding C object CMakeFiles/mocap_msgs__python.dir/rosidl_generator_py/mocap_msgs/msg/_rigid_bodies_s.c.o[0m
[4.107s] [ 90%] [32m[1mLinking C shared library rosidl_generator_py/mocap_msgs/libmocap_msgs__python.so[0m
[4.137s] [ 90%] Built target mocap_msgs__python
[4.144s] [35m[1mScanning dependencies of target mocap_msgs__rosidl_typesupport_c__pyext[0m
[4.144s] [35m[1mScanning dependencies of target mocap_msgs__rosidl_typesupport_introspection_c__pyext[0m
[4.144s] [35m[1mScanning dependencies of target mocap_msgs__rosidl_typesupport_fastrtps_c__pyext[0m
[4.155s] [ 93%] [32mBuilding C object CMakeFiles/mocap_msgs__rosidl_typesupport_c__pyext.dir/rosidl_generator_py/mocap_msgs/_mocap_msgs_s.ep.rosidl_typesupport_c.c.o[0m
[4.155s] [ 93%] [32mBuilding C object CMakeFiles/mocap_msgs__rosidl_typesupport_introspection_c__pyext.dir/rosidl_generator_py/mocap_msgs/_mocap_msgs_s.ep.rosidl_typesupport_introspection_c.c.o[0m
[4.158s] [ 95%] [32mBuilding C object CMakeFiles/mocap_msgs__rosidl_typesupport_fastrtps_c__pyext.dir/rosidl_generator_py/mocap_msgs/_mocap_msgs_s.ep.rosidl_typesupport_fastrtps_c.c.o[0m
[4.207s] [ 96%] [32m[1mLinking C shared library rosidl_generator_py/mocap_msgs/mocap_msgs_s__rosidl_typesupport_introspection_c.cpython-38-x86_64-linux-gnu.so[0m
[4.208s] [ 98%] [32m[1mLinking C shared library rosidl_generator_py/mocap_msgs/mocap_msgs_s__rosidl_typesupport_c.cpython-38-x86_64-linux-gnu.so[0m
[4.211s] [100%] [32m[1mLinking CXX shared library rosidl_generator_py/mocap_msgs/mocap_msgs_s__rosidl_typesupport_fastrtps_c.cpython-38-x86_64-linux-gnu.so[0m
[4.235s] [100%] Built target mocap_msgs__rosidl_typesupport_c__pyext
[4.235s] [100%] Built target mocap_msgs__rosidl_typesupport_introspection_c__pyext
[4.256s] [100%] Built target mocap_msgs__rosidl_typesupport_fastrtps_c__pyext
[4.264s] Invoked command in '/home/factslabegmc/final_blimp_ws/build/mocap_msgs' returned '0': CMAKE_PREFIX_PATH=${CMAKE_PREFIX_PATH}:/home/factslabegmc/final_blimp_ws/src/install/blimp_node_2:/home/factslabegmc/final_blimp_ws/src/install/blimp_mpc_ros:/home/factslabegmc/final_blimp_ws/install/blimp_node_2:/home/factslabegmc/final_blimp_ws/install/blimp_mpc_ros:/opt/ros/galactic /usr/bin/cmake --build /home/factslabegmc/final_blimp_ws/build/mocap_msgs -- -j20 -l20
[4.342s] Invoking command in '/home/factslabegmc/final_blimp_ws/build/mocap_msgs': CMAKE_PREFIX_PATH=${CMAKE_PREFIX_PATH}:/home/factslabegmc/final_blimp_ws/src/install/blimp_node_2:/home/factslabegmc/final_blimp_ws/src/install/blimp_mpc_ros:/home/factslabegmc/final_blimp_ws/install/blimp_node_2:/home/factslabegmc/final_blimp_ws/install/blimp_mpc_ros:/opt/ros/galactic /usr/bin/cmake --install /home/factslabegmc/final_blimp_ws/build/mocap_msgs
[4.347s] -- Install configuration: ""
[4.347s] -- Execute custom install script
[4.348s] -- Symlinking: /home/factslabegmc/final_blimp_ws/install/mocap_msgs/share/ament_index/resource_index/rosidl_interfaces/mocap_msgs
[4.354s] -- Symlinking: /home/factslabegmc/final_blimp_ws/install/mocap_msgs/include/mocap_msgs/msg/detail/imus_info__functions.h
[4.358s] -- Symlinking: /home/factslabegmc/final_blimp_ws/install/mocap_msgs/include/mocap_msgs/msg/detail/imus_info__struct.h
[4.363s] -- Symlinking: /home/factslabegmc/final_blimp_ws/install/mocap_msgs/include/mocap_msgs/msg/detail/imus_info__type_support.h
[4.367s] -- Symlinking: /home/factslabegmc/final_blimp_ws/install/mocap_msgs/include/mocap_msgs/msg/detail/marker__functions.h
[4.372s] -- Symlinking: /home/factslabegmc/final_blimp_ws/install/mocap_msgs/include/mocap_msgs/msg/detail/marker__struct.h
[4.376s] -- Symlinking: /home/factslabegmc/final_blimp_ws/install/mocap_msgs/include/mocap_msgs/msg/detail/marker__type_support.h
[4.381s] -- Symlinking: /home/factslabegmc/final_blimp_ws/install/mocap_msgs/include/mocap_msgs/msg/detail/markers__functions.h
[4.386s] -- Symlinking: /home/factslabegmc/final_blimp_ws/install/mocap_msgs/include/mocap_msgs/msg/detail/markers__struct.h
[4.391s] -- Symlinking: /home/factslabegmc/final_blimp_ws/install/mocap_msgs/include/mocap_msgs/msg/detail/markers__type_support.h
[4.396s] -- Symlinking: /home/factslabegmc/final_blimp_ws/install/mocap_msgs/include/mocap_msgs/msg/detail/rigid_bodies__functions.h
[4.401s] -- Symlinking: /home/factslabegmc/final_blimp_ws/install/mocap_msgs/include/mocap_msgs/msg/detail/rigid_bodies__struct.h
[4.406s] -- Symlinking: /home/factslabegmc/final_blimp_ws/install/mocap_msgs/include/mocap_msgs/msg/detail/rigid_bodies__type_support.h
[4.411s] -- Symlinking: /home/factslabegmc/final_blimp_ws/install/mocap_msgs/include/mocap_msgs/msg/detail/rigid_body__functions.h
[4.416s] -- Symlinking: /home/factslabegmc/final_blimp_ws/install/mocap_msgs/include/mocap_msgs/msg/detail/rigid_body__struct.h
[4.420s] -- Symlinking: /home/factslabegmc/final_blimp_ws/install/mocap_msgs/include/mocap_msgs/msg/detail/rigid_body__type_support.h
[4.425s] -- Symlinking: /home/factslabegmc/final_blimp_ws/install/mocap_msgs/include/mocap_msgs/msg/imus_info.h
[4.429s] -- Symlinking: /home/factslabegmc/final_blimp_ws/install/mocap_msgs/include/mocap_msgs/msg/marker.h
[4.434s] -- Symlinking: /home/factslabegmc/final_blimp_ws/install/mocap_msgs/include/mocap_msgs/msg/markers.h
[4.439s] -- Symlinking: /home/factslabegmc/final_blimp_ws/install/mocap_msgs/include/mocap_msgs/msg/rigid_bodies.h
[4.444s] -- Symlinking: /home/factslabegmc/final_blimp_ws/install/mocap_msgs/include/mocap_msgs/msg/rigid_body.h
[4.448s] -- Symlinking: /home/factslabegmc/final_blimp_ws/install/mocap_msgs/include/mocap_msgs/msg/rosidl_generator_c__visibility_control.h
[4.453s] -- Symlinking: /home/factslabegmc/final_blimp_ws/install/mocap_msgs/share/mocap_msgs/environment/library_path.sh
[4.458s] -- Symlinking: /home/factslabegmc/final_blimp_ws/install/mocap_msgs/share/mocap_msgs/environment/library_path.dsv
[4.463s] -- Symlinking: /home/factslabegmc/final_blimp_ws/install/mocap_msgs/include/mocap_msgs/msg/detail/imus_info__rosidl_typesupport_fastrtps_c.h
[4.468s] -- Symlinking: /home/factslabegmc/final_blimp_ws/install/mocap_msgs/include/mocap_msgs/msg/detail/marker__rosidl_typesupport_fastrtps_c.h
[4.472s] -- Symlinking: /home/factslabegmc/final_blimp_ws/install/mocap_msgs/include/mocap_msgs/msg/detail/markers__rosidl_typesupport_fastrtps_c.h
[4.477s] -- Symlinking: /home/factslabegmc/final_blimp_ws/install/mocap_msgs/include/mocap_msgs/msg/detail/rigid_bodies__rosidl_typesupport_fastrtps_c.h
[4.481s] -- Symlinking: /home/factslabegmc/final_blimp_ws/install/mocap_msgs/include/mocap_msgs/msg/detail/rigid_body__rosidl_typesupport_fastrtps_c.h
[4.485s] -- Symlinking: /home/factslabegmc/final_blimp_ws/install/mocap_msgs/include/mocap_msgs/msg/rosidl_typesupport_fastrtps_c__visibility_control.h
[4.491s] -- Symlinking: /home/factslabegmc/final_blimp_ws/install/mocap_msgs/lib/libmocap_msgs__rosidl_typesupport_fastrtps_c.so
[4.495s] -- Symlinking: /home/factslabegmc/final_blimp_ws/install/mocap_msgs/include/mocap_msgs/msg/detail/imus_info__rosidl_typesupport_fastrtps_cpp.hpp
[4.500s] -- Symlinking: /home/factslabegmc/final_blimp_ws/install/mocap_msgs/include/mocap_msgs/msg/detail/marker__rosidl_typesupport_fastrtps_cpp.hpp
[4.505s] -- Symlinking: /home/factslabegmc/final_blimp_ws/install/mocap_msgs/include/mocap_msgs/msg/detail/markers__rosidl_typesupport_fastrtps_cpp.hpp
[4.510s] -- Symlinking: /home/factslabegmc/final_blimp_ws/install/mocap_msgs/include/mocap_msgs/msg/detail/rigid_bodies__rosidl_typesupport_fastrtps_cpp.hpp
[4.515s] -- Symlinking: /home/factslabegmc/final_blimp_ws/install/mocap_msgs/include/mocap_msgs/msg/detail/rigid_body__rosidl_typesupport_fastrtps_cpp.hpp
[4.520s] -- Symlinking: /home/factslabegmc/final_blimp_ws/install/mocap_msgs/include/mocap_msgs/msg/rosidl_typesupport_fastrtps_cpp__visibility_control.h
[4.525s] -- Symlinking: /home/factslabegmc/final_blimp_ws/install/mocap_msgs/lib/libmocap_msgs__rosidl_typesupport_fastrtps_cpp.so
[4.530s] -- Symlinking: /home/factslabegmc/final_blimp_ws/install/mocap_msgs/include/mocap_msgs/msg/detail/imus_info__rosidl_typesupport_introspection_c.h
[4.535s] -- Symlinking: /home/factslabegmc/final_blimp_ws/install/mocap_msgs/include/mocap_msgs/msg/detail/marker__rosidl_typesupport_introspection_c.h
[4.540s] -- Symlinking: /home/factslabegmc/final_blimp_ws/install/mocap_msgs/include/mocap_msgs/msg/detail/markers__rosidl_typesupport_introspection_c.h
[4.545s] -- Symlinking: /home/factslabegmc/final_blimp_ws/install/mocap_msgs/include/mocap_msgs/msg/detail/rigid_bodies__rosidl_typesupport_introspection_c.h
[4.550s] -- Symlinking: /home/factslabegmc/final_blimp_ws/install/mocap_msgs/include/mocap_msgs/msg/detail/rigid_body__rosidl_typesupport_introspection_c.h
[4.554s] -- Symlinking: /home/factslabegmc/final_blimp_ws/install/mocap_msgs/include/mocap_msgs/msg/rosidl_typesupport_introspection_c__visibility_control.h
[4.559s] -- Symlinking: /home/factslabegmc/final_blimp_ws/install/mocap_msgs/include/mocap_msgs/msg/detail/imus_info__builder.hpp
[4.564s] -- Symlinking: /home/factslabegmc/final_blimp_ws/install/mocap_msgs/include/mocap_msgs/msg/detail/imus_info__struct.hpp
[4.569s] -- Symlinking: /home/factslabegmc/final_blimp_ws/install/mocap_msgs/include/mocap_msgs/msg/detail/imus_info__traits.hpp
[4.574s] -- Symlinking: /home/factslabegmc/final_blimp_ws/install/mocap_msgs/include/mocap_msgs/msg/detail/marker__builder.hpp
[4.578s] -- Symlinking: /home/factslabegmc/final_blimp_ws/install/mocap_msgs/include/mocap_msgs/msg/detail/marker__struct.hpp
[4.583s] -- Symlinking: /home/factslabegmc/final_blimp_ws/install/mocap_msgs/include/mocap_msgs/msg/detail/marker__traits.hpp
[4.587s] -- Symlinking: /home/factslabegmc/final_blimp_ws/install/mocap_msgs/include/mocap_msgs/msg/detail/markers__builder.hpp
[4.592s] -- Symlinking: /home/factslabegmc/final_blimp_ws/install/mocap_msgs/include/mocap_msgs/msg/detail/markers__struct.hpp
[4.597s] -- Symlinking: /home/factslabegmc/final_blimp_ws/install/mocap_msgs/include/mocap_msgs/msg/detail/markers__traits.hpp
[4.601s] -- Symlinking: /home/factslabegmc/final_blimp_ws/install/mocap_msgs/include/mocap_msgs/msg/detail/rigid_bodies__builder.hpp
[4.606s] -- Symlinking: /home/factslabegmc/final_blimp_ws/install/mocap_msgs/include/mocap_msgs/msg/detail/rigid_bodies__struct.hpp
[4.611s] -- Symlinking: /home/factslabegmc/final_blimp_ws/install/mocap_msgs/include/mocap_msgs/msg/detail/rigid_bodies__traits.hpp
[4.615s] -- Symlinking: /home/factslabegmc/final_blimp_ws/install/mocap_msgs/include/mocap_msgs/msg/detail/rigid_body__builder.hpp
[4.620s] -- Symlinking: /home/factslabegmc/final_blimp_ws/install/mocap_msgs/include/mocap_msgs/msg/detail/rigid_body__struct.hpp
[4.625s] -- Symlinking: /home/factslabegmc/final_blimp_ws/install/mocap_msgs/include/mocap_msgs/msg/detail/rigid_body__traits.hpp
[4.630s] -- Symlinking: /home/factslabegmc/final_blimp_ws/install/mocap_msgs/include/mocap_msgs/msg/imus_info.hpp
[4.634s] -- Symlinking: /home/factslabegmc/final_blimp_ws/install/mocap_msgs/include/mocap_msgs/msg/marker.hpp
[4.639s] -- Symlinking: /home/factslabegmc/final_blimp_ws/install/mocap_msgs/include/mocap_msgs/msg/markers.hpp
[4.644s] -- Symlinking: /home/factslabegmc/final_blimp_ws/install/mocap_msgs/include/mocap_msgs/msg/rigid_bodies.hpp
[4.649s] -- Symlinking: /home/factslabegmc/final_blimp_ws/install/mocap_msgs/include/mocap_msgs/msg/rigid_body.hpp
[4.654s] -- Symlinking: /home/factslabegmc/final_blimp_ws/install/mocap_msgs/include/mocap_msgs/msg/detail/imus_info__rosidl_typesupport_introspection_cpp.hpp
[4.659s] -- Symlinking: /home/factslabegmc/final_blimp_ws/install/mocap_msgs/include/mocap_msgs/msg/detail/marker__rosidl_typesupport_introspection_cpp.hpp
[4.663s] -- Symlinking: /home/factslabegmc/final_blimp_ws/install/mocap_msgs/include/mocap_msgs/msg/detail/markers__rosidl_typesupport_introspection_cpp.hpp
[4.668s] -- Symlinking: /home/factslabegmc/final_blimp_ws/install/mocap_msgs/include/mocap_msgs/msg/detail/rigid_bodies__rosidl_typesupport_introspection_cpp.hpp
[4.672s] -- Symlinking: /home/factslabegmc/final_blimp_ws/install/mocap_msgs/include/mocap_msgs/msg/detail/rigid_body__rosidl_typesupport_introspection_cpp.hpp
[4.677s] -- Symlinking: /home/factslabegmc/final_blimp_ws/install/mocap_msgs/share/mocap_msgs/environment/pythonpath.sh
[4.682s] -- Symlinking: /home/factslabegmc/final_blimp_ws/install/mocap_msgs/share/mocap_msgs/environment/pythonpath.dsv
[4.687s] -- Symlinking: /home/factslabegmc/final_blimp_ws/install/mocap_msgs/lib/python3.8/site-packages/mocap_msgs/__init__.py
[4.692s] -- Symlinking: /home/factslabegmc/final_blimp_ws/install/mocap_msgs/lib/python3.8/site-packages/mocap_msgs/msg/__init__.py
[4.697s] -- Symlinking: /home/factslabegmc/final_blimp_ws/install/mocap_msgs/lib/python3.8/site-packages/mocap_msgs/msg/_imus_info.py
[4.702s] -- Symlinking: /home/factslabegmc/final_blimp_ws/install/mocap_msgs/lib/python3.8/site-packages/mocap_msgs/msg/_marker.py
[4.707s] -- Symlinking: /home/factslabegmc/final_blimp_ws/install/mocap_msgs/lib/python3.8/site-packages/mocap_msgs/msg/_markers.py
[4.712s] -- Symlinking: /home/factslabegmc/final_blimp_ws/install/mocap_msgs/lib/python3.8/site-packages/mocap_msgs/msg/_rigid_bodies.py
[4.717s] -- Symlinking: /home/factslabegmc/final_blimp_ws/install/mocap_msgs/lib/python3.8/site-packages/mocap_msgs/msg/_rigid_body.py
[4.722s] -- Symlinking: /home/factslabegmc/final_blimp_ws/install/mocap_msgs/lib/python3.8/site-packages/mocap_msgs/mocap_msgs_s__rosidl_typesupport_fastrtps_c.cpython-38-x86_64-linux-gnu.so
[4.727s] -- Symlinking: /home/factslabegmc/final_blimp_ws/install/mocap_msgs/lib/python3.8/site-packages/mocap_msgs/mocap_msgs_s__rosidl_typesupport_introspection_c.cpython-38-x86_64-linux-gnu.so
[4.732s] -- Symlinking: /home/factslabegmc/final_blimp_ws/install/mocap_msgs/lib/python3.8/site-packages/mocap_msgs/mocap_msgs_s__rosidl_typesupport_c.cpython-38-x86_64-linux-gnu.so
[4.737s] -- Symlinking: /home/factslabegmc/final_blimp_ws/install/mocap_msgs/lib/libmocap_msgs__python.so
[4.742s] -- Symlinking: /home/factslabegmc/final_blimp_ws/install/mocap_msgs/share/mocap_msgs/msg/Marker.idl
[4.747s] -- Symlinking: /home/factslabegmc/final_blimp_ws/install/mocap_msgs/share/mocap_msgs/msg/Markers.idl
[4.751s] -- Symlinking: /home/factslabegmc/final_blimp_ws/install/mocap_msgs/share/mocap_msgs/msg/ImusInfo.idl
[4.756s] -- Symlinking: /home/factslabegmc/final_blimp_ws/install/mocap_msgs/share/mocap_msgs/msg/RigidBody.idl
[4.760s] -- Symlinking: /home/factslabegmc/final_blimp_ws/install/mocap_msgs/share/mocap_msgs/msg/RigidBodies.idl
[4.765s] -- Symlinking: /home/factslabegmc/final_blimp_ws/install/mocap_msgs/share/mocap_msgs/msg/Marker.msg
[4.770s] -- Symlinking: /home/factslabegmc/final_blimp_ws/install/mocap_msgs/share/mocap_msgs/msg/Markers.msg
[4.775s] -- Symlinking: /home/factslabegmc/final_blimp_ws/install/mocap_msgs/share/mocap_msgs/msg/ImusInfo.msg
[4.780s] -- Symlinking: /home/factslabegmc/final_blimp_ws/install/mocap_msgs/share/mocap_msgs/msg/RigidBody.msg
[4.785s] -- Symlinking: /home/factslabegmc/final_blimp_ws/install/mocap_msgs/share/mocap_msgs/msg/RigidBodies.msg
[4.789s] -- Symlinking: /home/factslabegmc/final_blimp_ws/install/mocap_msgs/share/mocap_msgs/mocap_bridge_mapping_rule.yaml
[4.794s] -- Symlinking: /home/factslabegmc/final_blimp_ws/install/mocap_msgs/share/ament_index/resource_index/package_run_dependencies/mocap_msgs
[4.799s] -- Symlinking: /home/factslabegmc/final_blimp_ws/install/mocap_msgs/share/ament_index/resource_index/parent_prefix_path/mocap_msgs
[4.803s] -- Symlinking: /home/factslabegmc/final_blimp_ws/install/mocap_msgs/share/mocap_msgs/environment/ament_prefix_path.sh
[4.808s] -- Symlinking: /home/factslabegmc/final_blimp_ws/install/mocap_msgs/share/mocap_msgs/environment/ament_prefix_path.dsv
[4.813s] -- Symlinking: /home/factslabegmc/final_blimp_ws/install/mocap_msgs/share/mocap_msgs/environment/path.sh
[4.818s] -- Symlinking: /home/factslabegmc/final_blimp_ws/install/mocap_msgs/share/mocap_msgs/environment/path.dsv
[4.823s] -- Symlinking: /home/factslabegmc/final_blimp_ws/install/mocap_msgs/share/mocap_msgs/local_setup.bash
[4.828s] -- Symlinking: /home/factslabegmc/final_blimp_ws/install/mocap_msgs/share/mocap_msgs/local_setup.sh
[4.833s] -- Symlinking: /home/factslabegmc/final_blimp_ws/install/mocap_msgs/share/mocap_msgs/local_setup.zsh
[4.838s] -- Symlinking: /home/factslabegmc/final_blimp_ws/install/mocap_msgs/share/mocap_msgs/local_setup.dsv
[4.843s] -- Symlinking: /home/factslabegmc/final_blimp_ws/install/mocap_msgs/share/mocap_msgs/package.dsv
[4.847s] -- Symlinking: /home/factslabegmc/final_blimp_ws/install/mocap_msgs/share/ament_index/resource_index/packages/mocap_msgs
[4.852s] -- Symlinking: /home/factslabegmc/final_blimp_ws/install/mocap_msgs/share/mocap_msgs/cmake/rosidl_cmake-extras.cmake
[4.857s] -- Symlinking: /home/factslabegmc/final_blimp_ws/install/mocap_msgs/share/mocap_msgs/cmake/ament_cmake_export_dependencies-extras.cmake
[4.862s] -- Symlinking: /home/factslabegmc/final_blimp_ws/install/mocap_msgs/share/mocap_msgs/cmake/ament_cmake_export_libraries-extras.cmake
[4.867s] -- Symlinking: /home/factslabegmc/final_blimp_ws/install/mocap_msgs/share/mocap_msgs/cmake/ament_cmake_export_targets-extras.cmake
[4.872s] -- Symlinking: /home/factslabegmc/final_blimp_ws/install/mocap_msgs/share/mocap_msgs/cmake/ament_cmake_export_include_directories-extras.cmake
[4.877s] -- Symlinking: /home/factslabegmc/final_blimp_ws/install/mocap_msgs/share/mocap_msgs/cmake/rosidl_cmake_export_typesupport_libraries-extras.cmake
[4.882s] -- Symlinking: /home/factslabegmc/final_blimp_ws/install/mocap_msgs/share/mocap_msgs/cmake/rosidl_cmake_export_typesupport_targets-extras.cmake
[4.887s] -- Symlinking: /home/factslabegmc/final_blimp_ws/install/mocap_msgs/share/mocap_msgs/cmake/mocap_msgsConfig.cmake
[4.891s] -- Symlinking: /home/factslabegmc/final_blimp_ws/install/mocap_msgs/share/mocap_msgs/cmake/mocap_msgsConfig-version.cmake
[4.896s] -- Symlinking: /home/factslabegmc/final_blimp_ws/install/mocap_msgs/share/mocap_msgs/package.xml
[4.901s] -- Installing: /home/factslabegmc/final_blimp_ws/install/mocap_msgs/lib/libmocap_msgs__rosidl_generator_c.so
[4.901s] -- Set runtime path of "/home/factslabegmc/final_blimp_ws/install/mocap_msgs/lib/libmocap_msgs__rosidl_generator_c.so" to ""
[4.901s] -- Installing: /home/factslabegmc/final_blimp_ws/install/mocap_msgs/lib/libmocap_msgs__rosidl_typesupport_introspection_c.so
[4.901s] -- Set runtime path of "/home/factslabegmc/final_blimp_ws/install/mocap_msgs/lib/libmocap_msgs__rosidl_typesupport_introspection_c.so" to ""
[4.901s] -- Installing: /home/factslabegmc/final_blimp_ws/install/mocap_msgs/lib/libmocap_msgs__rosidl_typesupport_c.so
[4.901s] -- Set runtime path of "/home/factslabegmc/final_blimp_ws/install/mocap_msgs/lib/libmocap_msgs__rosidl_typesupport_c.so" to ""
[4.901s] -- Installing: /home/factslabegmc/final_blimp_ws/install/mocap_msgs/lib/libmocap_msgs__rosidl_typesupport_introspection_cpp.so
[4.902s] -- Set runtime path of "/home/factslabegmc/final_blimp_ws/install/mocap_msgs/lib/libmocap_msgs__rosidl_typesupport_introspection_cpp.so" to ""
[4.902s] -- Installing: /home/factslabegmc/final_blimp_ws/install/mocap_msgs/lib/libmocap_msgs__rosidl_typesupport_cpp.so
[4.902s] -- Set runtime path of "/home/factslabegmc/final_blimp_ws/install/mocap_msgs/lib/libmocap_msgs__rosidl_typesupport_cpp.so" to ""
[4.923s] Compiling '/home/factslabegmc/final_blimp_ws/install/mocap_msgs/lib/python3.8/site-packages/mocap_msgs/__init__.py'...
[4.926s] -- Installing: /home/factslabegmc/final_blimp_ws/install/mocap_msgs/share/mocap_msgs/cmake/mocap_msgs__rosidl_generator_cExport.cmake
[4.926s] -- Installing: /home/factslabegmc/final_blimp_ws/install/mocap_msgs/share/mocap_msgs/cmake/mocap_msgs__rosidl_generator_cExport-noconfig.cmake
[4.926s] -- Installing: /home/factslabegmc/final_blimp_ws/install/mocap_msgs/share/mocap_msgs/cmake/mocap_msgs__rosidl_typesupport_introspection_cExport.cmake
[4.926s] -- Installing: /home/factslabegmc/final_blimp_ws/install/mocap_msgs/share/mocap_msgs/cmake/mocap_msgs__rosidl_typesupport_introspection_cExport-noconfig.cmake
[4.926s] -- Installing: /home/factslabegmc/final_blimp_ws/install/mocap_msgs/share/mocap_msgs/cmake/mocap_msgs__rosidl_typesupport_cExport.cmake
[4.926s] -- Installing: /home/factslabegmc/final_blimp_ws/install/mocap_msgs/share/mocap_msgs/cmake/mocap_msgs__rosidl_typesupport_cExport-noconfig.cmake
[4.926s] -- Installing: /home/factslabegmc/final_blimp_ws/install/mocap_msgs/share/mocap_msgs/cmake/mocap_msgs__rosidl_generator_cppExport.cmake
[4.926s] -- Installing: /home/factslabegmc/final_blimp_ws/install/mocap_msgs/share/mocap_msgs/cmake/mocap_msgs__rosidl_typesupport_introspection_cppExport.cmake
[4.926s] -- Installing: /home/factslabegmc/final_blimp_ws/install/mocap_msgs/share/mocap_msgs/cmake/mocap_msgs__rosidl_typesupport_introspection_cppExport-noconfig.cmake
[4.926s] -- Installing: /home/factslabegmc/final_blimp_ws/install/mocap_msgs/share/mocap_msgs/cmake/mocap_msgs__rosidl_typesupport_cppExport.cmake
[4.926s] -- Installing: /home/factslabegmc/final_blimp_ws/install/mocap_msgs/share/mocap_msgs/cmake/mocap_msgs__rosidl_typesupport_cppExport-noconfig.cmake
[4.928s] Invoked command in '/home/factslabegmc/final_blimp_ws/build/mocap_msgs' returned '0': CMAKE_PREFIX_PATH=${CMAKE_PREFIX_PATH}:/home/factslabegmc/final_blimp_ws/src/install/blimp_node_2:/home/factslabegmc/final_blimp_ws/src/install/blimp_mpc_ros:/home/factslabegmc/final_blimp_ws/install/blimp_node_2:/home/factslabegmc/final_blimp_ws/install/blimp_mpc_ros:/opt/ros/galactic /usr/bin/cmake --install /home/factslabegmc/final_blimp_ws/build/mocap_msgs
