[0.710s] Invoking command in '/home/factslabegmc/final_blimp_ws/build/mocap_msgs': CMAKE_PREFIX_PATH=${CMAKE_PREFIX_PATH}:/opt/ros/galactic /usr/bin/cmake --build /home/factslabegmc/final_blimp_ws/build/mocap_msgs -- -j20 -l20
[0.745s] [  1%] Built target mocap_msgs__cpp
[0.745s] [ 12%] Built target mocap_msgs__rosidl_generator_c
[0.763s] [ 23%] Built target mocap_msgs__rosidl_typesupport_cpp
[0.763s] [ 34%] Built target mocap_msgs__rosidl_typesupport_introspection_c
[0.766s] [ 53%] Built target mocap_msgs__rosidl_typesupport_introspection_cpp
[0.766s] [ 57%] Built target mocap_msgs__rosidl_typesupport_fastrtps_cpp
[0.767s] [ 68%] Built target mocap_msgs__rosidl_typesupport_c
[0.788s] [ 79%] Built target mocap_msgs__rosidl_typesupport_fastrtps_c
[0.804s] [ 79%] Built target mocap_msgs
[0.820s] [ 80%] Built target mocap_msgs__py
[0.843s] [ 90%] Built target mocap_msgs__python
[0.863s] [100%] Built target mocap_msgs__rosidl_typesupport_c__pyext
[0.863s] [100%] Built target mocap_msgs__rosidl_typesupport_introspection_c__pyext
[0.863s] [100%] Built target mocap_msgs__rosidl_typesupport_fastrtps_c__pyext
[0.871s] Invoked command in '/home/factslabegmc/final_blimp_ws/build/mocap_msgs' returned '0': CMAKE_PREFIX_PATH=${CMAKE_PREFIX_PATH}:/opt/ros/galactic /usr/bin/cmake --build /home/factslabegmc/final_blimp_ws/build/mocap_msgs -- -j20 -l20
[0.961s] Invoking command in '/home/factslabegmc/final_blimp_ws/build/mocap_msgs': CMAKE_PREFIX_PATH=${CMAKE_PREFIX_PATH}:/opt/ros/galactic /usr/bin/cmake --install /home/factslabegmc/final_blimp_ws/build/mocap_msgs
[0.966s] -- Install configuration: ""
[0.966s] -- Execute custom install script
[0.966s] -- Up-to-date symlink: /home/factslabegmc/final_blimp_ws/install/mocap_msgs/share/ament_index/resource_index/rosidl_interfaces/mocap_msgs
[0.967s] -- Up-to-date symlink: /home/factslabegmc/final_blimp_ws/install/mocap_msgs/include/mocap_msgs/msg/detail/imus_info__functions.h
[0.967s] -- Up-to-date symlink: /home/factslabegmc/final_blimp_ws/install/mocap_msgs/include/mocap_msgs/msg/detail/imus_info__struct.h
[0.967s] -- Up-to-date symlink: /home/factslabegmc/final_blimp_ws/install/mocap_msgs/include/mocap_msgs/msg/detail/imus_info__type_support.h
[0.967s] -- Up-to-date symlink: /home/factslabegmc/final_blimp_ws/install/mocap_msgs/include/mocap_msgs/msg/detail/marker__functions.h
[0.967s] -- Up-to-date symlink: /home/factslabegmc/final_blimp_ws/install/mocap_msgs/include/mocap_msgs/msg/detail/marker__struct.h
[0.967s] -- Up-to-date symlink: /home/factslabegmc/final_blimp_ws/install/mocap_msgs/include/mocap_msgs/msg/detail/marker__type_support.h
[0.967s] -- Up-to-date symlink: /home/factslabegmc/final_blimp_ws/install/mocap_msgs/include/mocap_msgs/msg/detail/markers__functions.h
[0.967s] -- Up-to-date symlink: /home/factslabegmc/final_blimp_ws/install/mocap_msgs/include/mocap_msgs/msg/detail/markers__struct.h
[0.967s] -- Up-to-date symlink: /home/factslabegmc/final_blimp_ws/install/mocap_msgs/include/mocap_msgs/msg/detail/markers__type_support.h
[0.968s] -- Up-to-date symlink: /home/factslabegmc/final_blimp_ws/install/mocap_msgs/include/mocap_msgs/msg/detail/rigid_bodies__functions.h
[0.968s] -- Up-to-date symlink: /home/factslabegmc/final_blimp_ws/install/mocap_msgs/include/mocap_msgs/msg/detail/rigid_bodies__struct.h
[0.968s] -- Up-to-date symlink: /home/factslabegmc/final_blimp_ws/install/mocap_msgs/include/mocap_msgs/msg/detail/rigid_bodies__type_support.h
[0.968s] -- Up-to-date symlink: /home/factslabegmc/final_blimp_ws/install/mocap_msgs/include/mocap_msgs/msg/detail/rigid_body__functions.h
[0.968s] -- Up-to-date symlink: /home/factslabegmc/final_blimp_ws/install/mocap_msgs/include/mocap_msgs/msg/detail/rigid_body__struct.h
[0.968s] -- Up-to-date symlink: /home/factslabegmc/final_blimp_ws/install/mocap_msgs/include/mocap_msgs/msg/detail/rigid_body__type_support.h
[0.968s] -- Up-to-date symlink: /home/factslabegmc/final_blimp_ws/install/mocap_msgs/include/mocap_msgs/msg/imus_info.h
[0.968s] -- Up-to-date symlink: /home/factslabegmc/final_blimp_ws/install/mocap_msgs/include/mocap_msgs/msg/marker.h
[0.968s] -- Up-to-date symlink: /home/factslabegmc/final_blimp_ws/install/mocap_msgs/include/mocap_msgs/msg/markers.h
[0.968s] -- Up-to-date symlink: /home/factslabegmc/final_blimp_ws/install/mocap_msgs/include/mocap_msgs/msg/rigid_bodies.h
[0.968s] -- Up-to-date symlink: /home/factslabegmc/final_blimp_ws/install/mocap_msgs/include/mocap_msgs/msg/rigid_body.h
[0.968s] -- Up-to-date symlink: /home/factslabegmc/final_blimp_ws/install/mocap_msgs/include/mocap_msgs/msg/rosidl_generator_c__visibility_control.h
[0.968s] -- Up-to-date symlink: /home/factslabegmc/final_blimp_ws/install/mocap_msgs/share/mocap_msgs/environment/library_path.sh
[0.969s] -- Up-to-date symlink: /home/factslabegmc/final_blimp_ws/install/mocap_msgs/share/mocap_msgs/environment/library_path.dsv
[0.969s] -- Up-to-date symlink: /home/factslabegmc/final_blimp_ws/install/mocap_msgs/include/mocap_msgs/msg/detail/imus_info__rosidl_typesupport_fastrtps_c.h
[0.969s] -- Up-to-date symlink: /home/factslabegmc/final_blimp_ws/install/mocap_msgs/include/mocap_msgs/msg/detail/marker__rosidl_typesupport_fastrtps_c.h
[0.969s] -- Up-to-date symlink: /home/factslabegmc/final_blimp_ws/install/mocap_msgs/include/mocap_msgs/msg/detail/markers__rosidl_typesupport_fastrtps_c.h
[0.969s] -- Up-to-date symlink: /home/factslabegmc/final_blimp_ws/install/mocap_msgs/include/mocap_msgs/msg/detail/rigid_bodies__rosidl_typesupport_fastrtps_c.h
[0.969s] -- Up-to-date symlink: /home/factslabegmc/final_blimp_ws/install/mocap_msgs/include/mocap_msgs/msg/detail/rigid_body__rosidl_typesupport_fastrtps_c.h
[0.969s] -- Up-to-date symlink: /home/factslabegmc/final_blimp_ws/install/mocap_msgs/include/mocap_msgs/msg/rosidl_typesupport_fastrtps_c__visibility_control.h
[0.969s] -- Up-to-date symlink: /home/factslabegmc/final_blimp_ws/install/mocap_msgs/lib/libmocap_msgs__rosidl_typesupport_fastrtps_c.so
[0.970s] -- Up-to-date symlink: /home/factslabegmc/final_blimp_ws/install/mocap_msgs/include/mocap_msgs/msg/detail/imus_info__rosidl_typesupport_fastrtps_cpp.hpp
[0.970s] -- Up-to-date symlink: /home/factslabegmc/final_blimp_ws/install/mocap_msgs/include/mocap_msgs/msg/detail/marker__rosidl_typesupport_fastrtps_cpp.hpp
[0.970s] -- Up-to-date symlink: /home/factslabegmc/final_blimp_ws/install/mocap_msgs/include/mocap_msgs/msg/detail/markers__rosidl_typesupport_fastrtps_cpp.hpp
[0.970s] -- Up-to-date symlink: /home/factslabegmc/final_blimp_ws/install/mocap_msgs/include/mocap_msgs/msg/detail/rigid_bodies__rosidl_typesupport_fastrtps_cpp.hpp
[0.970s] -- Up-to-date symlink: /home/factslabegmc/final_blimp_ws/install/mocap_msgs/include/mocap_msgs/msg/detail/rigid_body__rosidl_typesupport_fastrtps_cpp.hpp
[0.970s] -- Up-to-date symlink: /home/factslabegmc/final_blimp_ws/install/mocap_msgs/include/mocap_msgs/msg/rosidl_typesupport_fastrtps_cpp__visibility_control.h
[0.970s] -- Up-to-date symlink: /home/factslabegmc/final_blimp_ws/install/mocap_msgs/lib/libmocap_msgs__rosidl_typesupport_fastrtps_cpp.so
[0.971s] -- Up-to-date symlink: /home/factslabegmc/final_blimp_ws/install/mocap_msgs/include/mocap_msgs/msg/detail/imus_info__rosidl_typesupport_introspection_c.h
[0.971s] -- Up-to-date symlink: /home/factslabegmc/final_blimp_ws/install/mocap_msgs/include/mocap_msgs/msg/detail/marker__rosidl_typesupport_introspection_c.h
[0.971s] -- Up-to-date symlink: /home/factslabegmc/final_blimp_ws/install/mocap_msgs/include/mocap_msgs/msg/detail/markers__rosidl_typesupport_introspection_c.h
[0.971s] -- Up-to-date symlink: /home/factslabegmc/final_blimp_ws/install/mocap_msgs/include/mocap_msgs/msg/detail/rigid_bodies__rosidl_typesupport_introspection_c.h
[0.971s] -- Up-to-date symlink: /home/factslabegmc/final_blimp_ws/install/mocap_msgs/include/mocap_msgs/msg/detail/rigid_body__rosidl_typesupport_introspection_c.h
[0.971s] -- Up-to-date symlink: /home/factslabegmc/final_blimp_ws/install/mocap_msgs/include/mocap_msgs/msg/rosidl_typesupport_introspection_c__visibility_control.h
[0.971s] -- Up-to-date symlink: /home/factslabegmc/final_blimp_ws/install/mocap_msgs/include/mocap_msgs/msg/detail/imus_info__builder.hpp
[0.971s] -- Up-to-date symlink: /home/factslabegmc/final_blimp_ws/install/mocap_msgs/include/mocap_msgs/msg/detail/imus_info__struct.hpp
[0.972s] -- Up-to-date symlink: /home/factslabegmc/final_blimp_ws/install/mocap_msgs/include/mocap_msgs/msg/detail/imus_info__traits.hpp
[0.972s] -- Up-to-date symlink: /home/factslabegmc/final_blimp_ws/install/mocap_msgs/include/mocap_msgs/msg/detail/marker__builder.hpp
[0.972s] -- Up-to-date symlink: /home/factslabegmc/final_blimp_ws/install/mocap_msgs/include/mocap_msgs/msg/detail/marker__struct.hpp
[0.972s] -- Up-to-date symlink: /home/factslabegmc/final_blimp_ws/install/mocap_msgs/include/mocap_msgs/msg/detail/marker__traits.hpp
[0.972s] -- Up-to-date symlink: /home/factslabegmc/final_blimp_ws/install/mocap_msgs/include/mocap_msgs/msg/detail/markers__builder.hpp
[0.972s] -- Up-to-date symlink: /home/factslabegmc/final_blimp_ws/install/mocap_msgs/include/mocap_msgs/msg/detail/markers__struct.hpp
[0.972s] -- Up-to-date symlink: /home/factslabegmc/final_blimp_ws/install/mocap_msgs/include/mocap_msgs/msg/detail/markers__traits.hpp
[0.972s] -- Up-to-date symlink: /home/factslabegmc/final_blimp_ws/install/mocap_msgs/include/mocap_msgs/msg/detail/rigid_bodies__builder.hpp
[0.972s] -- Up-to-date symlink: /home/factslabegmc/final_blimp_ws/install/mocap_msgs/include/mocap_msgs/msg/detail/rigid_bodies__struct.hpp
[0.972s] -- Up-to-date symlink: /home/factslabegmc/final_blimp_ws/install/mocap_msgs/include/mocap_msgs/msg/detail/rigid_bodies__traits.hpp
[0.973s] -- Up-to-date symlink: /home/factslabegmc/final_blimp_ws/install/mocap_msgs/include/mocap_msgs/msg/detail/rigid_body__builder.hpp
[0.973s] -- Up-to-date symlink: /home/factslabegmc/final_blimp_ws/install/mocap_msgs/include/mocap_msgs/msg/detail/rigid_body__struct.hpp
[0.973s] -- Up-to-date symlink: /home/factslabegmc/final_blimp_ws/install/mocap_msgs/include/mocap_msgs/msg/detail/rigid_body__traits.hpp
[0.973s] -- Up-to-date symlink: /home/factslabegmc/final_blimp_ws/install/mocap_msgs/include/mocap_msgs/msg/imus_info.hpp
[0.973s] -- Up-to-date symlink: /home/factslabegmc/final_blimp_ws/install/mocap_msgs/include/mocap_msgs/msg/marker.hpp
[0.973s] -- Up-to-date symlink: /home/factslabegmc/final_blimp_ws/install/mocap_msgs/include/mocap_msgs/msg/markers.hpp
[0.973s] -- Up-to-date symlink: /home/factslabegmc/final_blimp_ws/install/mocap_msgs/include/mocap_msgs/msg/rigid_bodies.hpp
[0.973s] -- Up-to-date symlink: /home/factslabegmc/final_blimp_ws/install/mocap_msgs/include/mocap_msgs/msg/rigid_body.hpp
[0.973s] -- Up-to-date symlink: /home/factslabegmc/final_blimp_ws/install/mocap_msgs/include/mocap_msgs/msg/detail/imus_info__rosidl_typesupport_introspection_cpp.hpp
[0.973s] -- Up-to-date symlink: /home/factslabegmc/final_blimp_ws/install/mocap_msgs/include/mocap_msgs/msg/detail/marker__rosidl_typesupport_introspection_cpp.hpp
[0.973s] -- Up-to-date symlink: /home/factslabegmc/final_blimp_ws/install/mocap_msgs/include/mocap_msgs/msg/detail/markers__rosidl_typesupport_introspection_cpp.hpp
[0.974s] -- Up-to-date symlink: /home/factslabegmc/final_blimp_ws/install/mocap_msgs/include/mocap_msgs/msg/detail/rigid_bodies__rosidl_typesupport_introspection_cpp.hpp
[0.974s] -- Up-to-date symlink: /home/factslabegmc/final_blimp_ws/install/mocap_msgs/include/mocap_msgs/msg/detail/rigid_body__rosidl_typesupport_introspection_cpp.hpp
[0.974s] -- Up-to-date symlink: /home/factslabegmc/final_blimp_ws/install/mocap_msgs/share/mocap_msgs/environment/pythonpath.sh
[0.974s] -- Up-to-date symlink: /home/factslabegmc/final_blimp_ws/install/mocap_msgs/share/mocap_msgs/environment/pythonpath.dsv
[0.974s] -- Up-to-date symlink: /home/factslabegmc/final_blimp_ws/install/mocap_msgs/lib/python3.8/site-packages/mocap_msgs/__init__.py
[0.974s] -- Up-to-date symlink: /home/factslabegmc/final_blimp_ws/install/mocap_msgs/lib/python3.8/site-packages/mocap_msgs/msg/__init__.py
[0.974s] -- Up-to-date symlink: /home/factslabegmc/final_blimp_ws/install/mocap_msgs/lib/python3.8/site-packages/mocap_msgs/msg/_imus_info.py
[0.974s] -- Up-to-date symlink: /home/factslabegmc/final_blimp_ws/install/mocap_msgs/lib/python3.8/site-packages/mocap_msgs/msg/_marker.py
[0.974s] -- Up-to-date symlink: /home/factslabegmc/final_blimp_ws/install/mocap_msgs/lib/python3.8/site-packages/mocap_msgs/msg/_markers.py
[0.974s] -- Up-to-date symlink: /home/factslabegmc/final_blimp_ws/install/mocap_msgs/lib/python3.8/site-packages/mocap_msgs/msg/_rigid_bodies.py
[0.974s] -- Up-to-date symlink: /home/factslabegmc/final_blimp_ws/install/mocap_msgs/lib/python3.8/site-packages/mocap_msgs/msg/_rigid_body.py
[0.975s] -- Up-to-date symlink: /home/factslabegmc/final_blimp_ws/install/mocap_msgs/lib/python3.8/site-packages/mocap_msgs/mocap_msgs_s__rosidl_typesupport_fastrtps_c.cpython-38-x86_64-linux-gnu.so
[0.975s] -- Up-to-date symlink: /home/factslabegmc/final_blimp_ws/install/mocap_msgs/lib/python3.8/site-packages/mocap_msgs/mocap_msgs_s__rosidl_typesupport_introspection_c.cpython-38-x86_64-linux-gnu.so
[0.975s] -- Up-to-date symlink: /home/factslabegmc/final_blimp_ws/install/mocap_msgs/lib/python3.8/site-packages/mocap_msgs/mocap_msgs_s__rosidl_typesupport_c.cpython-38-x86_64-linux-gnu.so
[0.975s] -- Up-to-date symlink: /home/factslabegmc/final_blimp_ws/install/mocap_msgs/lib/libmocap_msgs__python.so
[0.975s] -- Up-to-date symlink: /home/factslabegmc/final_blimp_ws/install/mocap_msgs/share/mocap_msgs/msg/Marker.idl
[0.976s] -- Up-to-date symlink: /home/factslabegmc/final_blimp_ws/install/mocap_msgs/share/mocap_msgs/msg/Markers.idl
[0.976s] -- Up-to-date symlink: /home/factslabegmc/final_blimp_ws/install/mocap_msgs/share/mocap_msgs/msg/ImusInfo.idl
[0.976s] -- Up-to-date symlink: /home/factslabegmc/final_blimp_ws/install/mocap_msgs/share/mocap_msgs/msg/RigidBody.idl
[0.976s] -- Up-to-date symlink: /home/factslabegmc/final_blimp_ws/install/mocap_msgs/share/mocap_msgs/msg/RigidBodies.idl
[0.976s] -- Up-to-date symlink: /home/factslabegmc/final_blimp_ws/install/mocap_msgs/share/mocap_msgs/msg/Marker.msg
[0.976s] -- Up-to-date symlink: /home/factslabegmc/final_blimp_ws/install/mocap_msgs/share/mocap_msgs/msg/Markers.msg
[0.976s] -- Up-to-date symlink: /home/factslabegmc/final_blimp_ws/install/mocap_msgs/share/mocap_msgs/msg/ImusInfo.msg
[0.976s] -- Up-to-date symlink: /home/factslabegmc/final_blimp_ws/install/mocap_msgs/share/mocap_msgs/msg/RigidBody.msg
[0.977s] -- Up-to-date symlink: /home/factslabegmc/final_blimp_ws/install/mocap_msgs/share/mocap_msgs/msg/RigidBodies.msg
[0.977s] -- Up-to-date symlink: /home/factslabegmc/final_blimp_ws/install/mocap_msgs/share/mocap_msgs/mocap_bridge_mapping_rule.yaml
[0.977s] -- Up-to-date symlink: /home/factslabegmc/final_blimp_ws/install/mocap_msgs/share/ament_index/resource_index/package_run_dependencies/mocap_msgs
[0.977s] -- Up-to-date symlink: /home/factslabegmc/final_blimp_ws/install/mocap_msgs/share/ament_index/resource_index/parent_prefix_path/mocap_msgs
[0.977s] -- Up-to-date symlink: /home/factslabegmc/final_blimp_ws/install/mocap_msgs/share/mocap_msgs/environment/ament_prefix_path.sh
[0.977s] -- Up-to-date symlink: /home/factslabegmc/final_blimp_ws/install/mocap_msgs/share/mocap_msgs/environment/ament_prefix_path.dsv
[0.977s] -- Up-to-date symlink: /home/factslabegmc/final_blimp_ws/install/mocap_msgs/share/mocap_msgs/environment/path.sh
[0.977s] -- Up-to-date symlink: /home/factslabegmc/final_blimp_ws/install/mocap_msgs/share/mocap_msgs/environment/path.dsv
[0.978s] -- Up-to-date symlink: /home/factslabegmc/final_blimp_ws/install/mocap_msgs/share/mocap_msgs/local_setup.bash
[0.978s] -- Up-to-date symlink: /home/factslabegmc/final_blimp_ws/install/mocap_msgs/share/mocap_msgs/local_setup.sh
[0.978s] -- Up-to-date symlink: /home/factslabegmc/final_blimp_ws/install/mocap_msgs/share/mocap_msgs/local_setup.zsh
[0.978s] -- Up-to-date symlink: /home/factslabegmc/final_blimp_ws/install/mocap_msgs/share/mocap_msgs/local_setup.dsv
[0.978s] -- Symlinking: /home/factslabegmc/final_blimp_ws/install/mocap_msgs/share/mocap_msgs/package.dsv
[0.985s] -- Up-to-date symlink: /home/factslabegmc/final_blimp_ws/install/mocap_msgs/share/ament_index/resource_index/packages/mocap_msgs
[0.985s] -- Up-to-date symlink: /home/factslabegmc/final_blimp_ws/install/mocap_msgs/share/mocap_msgs/cmake/rosidl_cmake-extras.cmake
[0.985s] -- Up-to-date symlink: /home/factslabegmc/final_blimp_ws/install/mocap_msgs/share/mocap_msgs/cmake/ament_cmake_export_dependencies-extras.cmake
[0.985s] -- Up-to-date symlink: /home/factslabegmc/final_blimp_ws/install/mocap_msgs/share/mocap_msgs/cmake/ament_cmake_export_libraries-extras.cmake
[0.986s] -- Up-to-date symlink: /home/factslabegmc/final_blimp_ws/install/mocap_msgs/share/mocap_msgs/cmake/ament_cmake_export_targets-extras.cmake
[0.986s] -- Up-to-date symlink: /home/factslabegmc/final_blimp_ws/install/mocap_msgs/share/mocap_msgs/cmake/ament_cmake_export_include_directories-extras.cmake
[0.986s] -- Up-to-date symlink: /home/factslabegmc/final_blimp_ws/install/mocap_msgs/share/mocap_msgs/cmake/rosidl_cmake_export_typesupport_libraries-extras.cmake
[0.986s] -- Up-to-date symlink: /home/factslabegmc/final_blimp_ws/install/mocap_msgs/share/mocap_msgs/cmake/rosidl_cmake_export_typesupport_targets-extras.cmake
[0.986s] -- Up-to-date symlink: /home/factslabegmc/final_blimp_ws/install/mocap_msgs/share/mocap_msgs/cmake/mocap_msgsConfig.cmake
[0.986s] -- Up-to-date symlink: /home/factslabegmc/final_blimp_ws/install/mocap_msgs/share/mocap_msgs/cmake/mocap_msgsConfig-version.cmake
[0.986s] -- Up-to-date symlink: /home/factslabegmc/final_blimp_ws/install/mocap_msgs/share/mocap_msgs/package.xml
[0.986s] -- Up-to-date: /home/factslabegmc/final_blimp_ws/install/mocap_msgs/lib/libmocap_msgs__rosidl_generator_c.so
[0.987s] -- Up-to-date: /home/factslabegmc/final_blimp_ws/install/mocap_msgs/lib/libmocap_msgs__rosidl_typesupport_introspection_c.so
[0.987s] -- Up-to-date: /home/factslabegmc/final_blimp_ws/install/mocap_msgs/lib/libmocap_msgs__rosidl_typesupport_c.so
[0.987s] -- Up-to-date: /home/factslabegmc/final_blimp_ws/install/mocap_msgs/lib/libmocap_msgs__rosidl_typesupport_introspection_cpp.so
[0.987s] -- Up-to-date: /home/factslabegmc/final_blimp_ws/install/mocap_msgs/lib/libmocap_msgs__rosidl_typesupport_cpp.so
[1.013s] -- Up-to-date: /home/factslabegmc/final_blimp_ws/install/mocap_msgs/share/mocap_msgs/cmake/mocap_msgs__rosidl_generator_cExport.cmake
[1.014s] -- Up-to-date: /home/factslabegmc/final_blimp_ws/install/mocap_msgs/share/mocap_msgs/cmake/mocap_msgs__rosidl_generator_cExport-noconfig.cmake
[1.014s] -- Up-to-date: /home/factslabegmc/final_blimp_ws/install/mocap_msgs/share/mocap_msgs/cmake/mocap_msgs__rosidl_typesupport_introspection_cExport.cmake
[1.014s] -- Up-to-date: /home/factslabegmc/final_blimp_ws/install/mocap_msgs/share/mocap_msgs/cmake/mocap_msgs__rosidl_typesupport_introspection_cExport-noconfig.cmake
[1.014s] -- Up-to-date: /home/factslabegmc/final_blimp_ws/install/mocap_msgs/share/mocap_msgs/cmake/mocap_msgs__rosidl_typesupport_cExport.cmake
[1.014s] -- Up-to-date: /home/factslabegmc/final_blimp_ws/install/mocap_msgs/share/mocap_msgs/cmake/mocap_msgs__rosidl_typesupport_cExport-noconfig.cmake
[1.014s] -- Up-to-date: /home/factslabegmc/final_blimp_ws/install/mocap_msgs/share/mocap_msgs/cmake/mocap_msgs__rosidl_generator_cppExport.cmake
[1.014s] -- Up-to-date: /home/factslabegmc/final_blimp_ws/install/mocap_msgs/share/mocap_msgs/cmake/mocap_msgs__rosidl_typesupport_introspection_cppExport.cmake
[1.014s] -- Up-to-date: /home/factslabegmc/final_blimp_ws/install/mocap_msgs/share/mocap_msgs/cmake/mocap_msgs__rosidl_typesupport_introspection_cppExport-noconfig.cmake
[1.014s] -- Up-to-date: /home/factslabegmc/final_blimp_ws/install/mocap_msgs/share/mocap_msgs/cmake/mocap_msgs__rosidl_typesupport_cppExport.cmake
[1.014s] -- Up-to-date: /home/factslabegmc/final_blimp_ws/install/mocap_msgs/share/mocap_msgs/cmake/mocap_msgs__rosidl_typesupport_cppExport-noconfig.cmake
[1.015s] Invoked command in '/home/factslabegmc/final_blimp_ws/build/mocap_msgs' returned '0': CMAKE_PREFIX_PATH=${CMAKE_PREFIX_PATH}:/opt/ros/galactic /usr/bin/cmake --install /home/factslabegmc/final_blimp_ws/build/mocap_msgs
